<?xml version="1.0" encoding="UTF-8"?>
<testsuites name="Amazon_Test_Suite_002" time="118.859" tests="2" failures="0" errors="0">
   <testsuite name="Amazon_Test_Suite_002" tests="2" failures="0" errors="0" time="118.859" skipped="0" timestamp="10-02-2024T02:42:45" hostname="Raju - Raju-Gangidi" id="Test Suites/Amazon_Test_Suite_002">
      <properties>
         <property name="deviceName" value=""/>
         <property name="devicePlatform" value=""/>
         <property name="logFolder" value="C:\\Users\\91939\\git\\SI-GuidedProject-706089-1706605153\\Reports\\20240210_024237\\Amazon_Test_Suite_002\\20240210_024238"/>
         <property name="logFiles" value="C:\\Users\\91939\\git\\SI-GuidedProject-706089-1706605153\\Reports\\20240210_024237\\Amazon_Test_Suite_002\\20240210_024238\\execution0.log"/>
         <property name="attachments" value=""/>
         <property name="hostName" value="Raju - Raju-Gangidi"/>
         <property name="os" value="Windows 11 64bit"/>
         <property name="katalonVersion" value="9.3.0.212"/>
         <property name="browser" value="Chrome 121.0.0.0"/>
         <property name="hostAddress" value="192.168.140.235"/>
         <property name="sessionId" value="80db5d93034f5fe0174b78dc35c831b3"/>
         <property name="seleniumVersion" value="3.141.59"/>
         <property name="proxyInformation" value="ProxyInformation { proxyOption=NO_PROXY, proxyServerType=HTTP, username=, password=********, proxyServerAddress=, proxyServerPort=0, executionList=&quot;&quot;, isApplyToDesiredCapabilities=true }"/>
         <property name="platform" value="Windows 11"/>
      </properties>
      <testcase name="Test Cases/Amazon/TC_Amazon_Validate_SearchItem" time="30.069" classname="Test Cases/Amazon/TC_Amazon_Validate_SearchItem" status="PASSED">
         <system-out><![CDATA[10-02-2024T02:43:19 - [TEST_CASE][PASSED] - Test Cases/Amazon/TC_Amazon_Validate_SearchItem: Test Cases/Amazon/TC_Amazon_Validate_SearchItem

10-02-2024T02:43:19 - [TEST_STEP][PASSED] - Start listener action : sampleBeforeTestCase: Navigate to 'https://www.amazon.com/' successfully

10-02-2024T02:43:19 - [TEST_STEP][PASSED] - openBrowser(""): Browser is opened with url: ''

10-02-2024T02:43:19 - [MESSAGE][INFO] - Starting 'Chrome' driver

10-02-2024T02:43:19 - [MESSAGE][INFO] - Action delay is set to 0 milliseconds

10-02-2024T02:43:19 - [MESSAGE][PASSED] - Browser is opened with url: ''

10-02-2024T02:43:19 - [TEST_STEP][PASSED] - navigateToUrl("https://www.amazon.com/"): Navigate to 'https://www.amazon.com/' successfully

10-02-2024T02:43:23 - [MESSAGE][PASSED] - Navigate to 'https://www.amazon.com/' successfully

10-02-2024T02:43:23 - [TEST_STEP][PASSED] - openBrowser(""): Browser is opened with url: ''

10-02-2024T02:43:23 - [MESSAGE][WARNING] - A browser is already opened. Closing browser and opening a new one

10-02-2024T02:43:23 - [MESSAGE][INFO] - Starting 'Chrome' driver

10-02-2024T02:43:23 - [MESSAGE][INFO] - Action delay is set to 0 milliseconds

10-02-2024T02:43:25 - [MESSAGE][PASSED] - Browser is opened with url: ''

10-02-2024T02:43:25 - [TEST_STEP][PASSED] - navigateToUrl("https://www.amazon.com/"): Navigate to 'https://www.amazon.com/' successfully

10-02-2024T02:43:32 - [MESSAGE][PASSED] - Navigate to 'https://www.amazon.com/' successfully

10-02-2024T02:43:32 - [TEST_STEP][PASSED] - selectOptionByLabel(findTestObject("Object Repository/Amazon_Validate_SearchItem/Page_Amazon.com. Spend less. Smile more/categoryElement"), "Electronics", false): All options with label 'Electronics' are selected in object 'Object Repository/Amazon_Validate_SearchItem/Page_Amazon.com. Spend less. Smile more/categoryElement' 

10-02-2024T02:43:36 - [MESSAGE][PASSED] - All options with label 'Electronics' are selected in object 'Object Repository/Amazon_Validate_SearchItem/Page_Amazon.com. Spend less. Smile more/categoryElement' 

10-02-2024T02:43:36 - [TEST_STEP][PASSED] - setText(findTestObject("Object Repository/Amazon_Validate_SearchItem/Page_Amazon.com. Spend less. Smile more/input_Search Amazon_field-keywords"), "Asus vivobook"): Text 'Asus vivobook' is set on object 'Object Repository/Amazon_Validate_SearchItem/Page_Amazon.com. Spend less. Smile more/input_Search Amazon_field-keywords'

10-02-2024T02:43:39 - [MESSAGE][PASSED] - Text 'Asus vivobook' is set on object 'Object Repository/Amazon_Validate_SearchItem/Page_Amazon.com. Spend less. Smile more/input_Search Amazon_field-keywords'

10-02-2024T02:43:39 - [TEST_STEP][PASSED] - click(findTestObject("Object Repository/Amazon_Validate_SearchItem/Page_Amazon.com. Spend less. Smile more/input_Search Amazon_nav-search-submit-button")): Object: 'Object Repository/Amazon_Validate_SearchItem/Page_Amazon.com. Spend less. Smile more/input_Search Amazon_nav-search-submit-button' is clicked on

10-02-2024T02:43:48 - [MESSAGE][PASSED] - Object: 'Object Repository/Amazon_Validate_SearchItem/Page_Amazon.com. Spend less. Smile more/input_Search Amazon_nav-search-submit-button' is clicked on

10-02-2024T02:43:48 - [TEST_STEP][PASSED] - closeBrowser(): Browser is closed

10-02-2024T02:43:49 - [MESSAGE][PASSED] - Browser is closed

10-02-2024T02:43:49 - [TEST_STEP][PASSED] - Start listener action : sampleAfterTestCase: Browser is closed

10-02-2024T02:43:49 - [TEST_STEP][PASSED] - closeBrowser(): Browser is closed

10-02-2024T02:43:49 - [MESSAGE][PASSED] - Browser is closed]]></system-out>
         <system-err><![CDATA[]]></system-err>
      </testcase>
      <testcase name="Test Cases/Amazon/TC_Amazon_Validate_AddtoCart" time="55.117" classname="Test Cases/Amazon/TC_Amazon_Validate_AddtoCart" status="PASSED">
         <system-out><![CDATA[10-02-2024T02:43:49 - [TEST_CASE][PASSED] - Test Cases/Amazon/TC_Amazon_Validate_AddtoCart: Test Cases/Amazon/TC_Amazon_Validate_AddtoCart

10-02-2024T02:43:49 - [TEST_STEP][PASSED] - Start listener action : sampleBeforeTestCase: Navigate to 'https://www.amazon.com/' successfully

10-02-2024T02:43:49 - [TEST_STEP][PASSED] - openBrowser(""): Browser is opened with url: ''

10-02-2024T02:43:49 - [MESSAGE][INFO] - Starting 'Chrome' driver

10-02-2024T02:43:49 - [MESSAGE][INFO] - Action delay is set to 0 milliseconds

10-02-2024T02:43:50 - [MESSAGE][PASSED] - Browser is opened with url: ''

10-02-2024T02:43:50 - [TEST_STEP][PASSED] - navigateToUrl("https://www.amazon.com/"): Navigate to 'https://www.amazon.com/' successfully

10-02-2024T02:43:54 - [MESSAGE][PASSED] - Navigate to 'https://www.amazon.com/' successfully

10-02-2024T02:43:54 - [TEST_STEP][PASSED] - openBrowser(""): Browser is opened with url: ''

10-02-2024T02:43:54 - [MESSAGE][WARNING] - A browser is already opened. Closing browser and opening a new one

10-02-2024T02:43:54 - [MESSAGE][INFO] - Starting 'Chrome' driver

10-02-2024T02:43:54 - [MESSAGE][INFO] - Action delay is set to 0 milliseconds

10-02-2024T02:43:55 - [MESSAGE][PASSED] - Browser is opened with url: ''

10-02-2024T02:43:55 - [TEST_STEP][PASSED] - navigateToUrl("https://www.amazon.com/"): Navigate to 'https://www.amazon.com/' successfully

10-02-2024T02:43:58 - [MESSAGE][PASSED] - Navigate to 'https://www.amazon.com/' successfully

10-02-2024T02:43:58 - [TEST_STEP][PASSED] - click(findTestObject("Object Repository/Amazon_Validate_AddtoCart_OR/Page_Amazon.com. Spend less. Smile more/span_Sign in")): Object: 'Object Repository/Amazon_Validate_AddtoCart_OR/Page_Amazon.com. Spend less. Smile more/span_Sign in' is clicked on

10-02-2024T02:44:02 - [MESSAGE][PASSED] - Object: 'Object Repository/Amazon_Validate_AddtoCart_OR/Page_Amazon.com. Spend less. Smile more/span_Sign in' is clicked on

10-02-2024T02:44:02 - [TEST_STEP][PASSED] - setText(findTestObject("Object Repository/Amazon_Validate_AddtoCart_OR/Page_Amazon Sign-In/input_Email or mobile phone number_email"), "frdscallsmereddy@gmail.com"): Text 'frdscallsmereddy@gmail.com' is set on object 'Object Repository/Amazon_Validate_AddtoCart_OR/Page_Amazon Sign-In/input_Email or mobile phone number_email'

10-02-2024T02:44:04 - [MESSAGE][PASSED] - Text 'frdscallsmereddy@gmail.com' is set on object 'Object Repository/Amazon_Validate_AddtoCart_OR/Page_Amazon Sign-In/input_Email or mobile phone number_email'

10-02-2024T02:44:04 - [TEST_STEP][PASSED] - click(findTestObject("Object Repository/Amazon_Validate_AddtoCart_OR/Page_Amazon Sign-In/input_Enter your email or mobile phone numb_fc7402")): Object: 'Object Repository/Amazon_Validate_AddtoCart_OR/Page_Amazon Sign-In/input_Enter your email or mobile phone numb_fc7402' is clicked on

10-02-2024T02:44:05 - [MESSAGE][PASSED] - Object: 'Object Repository/Amazon_Validate_AddtoCart_OR/Page_Amazon Sign-In/input_Enter your email or mobile phone numb_fc7402' is clicked on

10-02-2024T02:44:05 - [TEST_STEP][PASSED] - setEncryptedText(findTestObject("Object Repository/Amazon_Validate_AddtoCart_OR/Page_Amazon Sign-In/input_Forgot your password_password"), "c/SSayQdT/EtSq2U0Aqd+Q=="): Text ****** has been set on object 'Object Repository/Amazon_Validate_AddtoCart_OR/Page_Amazon Sign-In/input_Forgot your password_password'

10-02-2024T02:44:07 - [MESSAGE][PASSED] - Text ****** has been set on object 'Object Repository/Amazon_Validate_AddtoCart_OR/Page_Amazon Sign-In/input_Forgot your password_password'

10-02-2024T02:44:07 - [TEST_STEP][PASSED] - click(findTestObject("Object Repository/Amazon_Validate_AddtoCart_OR/Page_Amazon Sign-In/input_Enter your password_signInSubmit")): Object: 'Object Repository/Amazon_Validate_AddtoCart_OR/Page_Amazon Sign-In/input_Enter your password_signInSubmit' is clicked on

10-02-2024T02:44:07 - [MESSAGE][PASSED] - Object: 'Object Repository/Amazon_Validate_AddtoCart_OR/Page_Amazon Sign-In/input_Enter your password_signInSubmit' is clicked on

10-02-2024T02:44:07 - [TEST_STEP][PASSED] - selectOptionByValue(findTestObject("Object Repository/Amazon_Validate_AddtoCart_OR/Page_Amazon.com. Spend less. Smile more/select_All Departments        Arts  Crafts _135c92"), "search-alias=electronics-intl-ship", true): All options with value 'search-alias=electronics-intl-ship' are selected in object 'Object Repository/Amazon_Validate_AddtoCart_OR/Page_Amazon.com. Spend less. Smile more/select_All Departments        Arts  Crafts _135c92'  using regular expression

10-02-2024T02:44:18 - [MESSAGE][PASSED] - All options with value 'search-alias=electronics-intl-ship' are selected in object 'Object Repository/Amazon_Validate_AddtoCart_OR/Page_Amazon.com. Spend less. Smile more/select_All Departments        Arts  Crafts _135c92'  using regular expression

10-02-2024T02:44:18 - [TEST_STEP][PASSED] - setText(findTestObject("Object Repository/Amazon_Validate_AddtoCart_OR/Page_Amazon.com. Spend less. Smile more/input_Search Amazon_field-keywords"), "Asus vivobook"): Text 'Asus vivobook' is set on object 'Object Repository/Amazon_Validate_AddtoCart_OR/Page_Amazon.com. Spend less. Smile more/input_Search Amazon_field-keywords'

10-02-2024T02:44:19 - [MESSAGE][PASSED] - Text 'Asus vivobook' is set on object 'Object Repository/Amazon_Validate_AddtoCart_OR/Page_Amazon.com. Spend less. Smile more/input_Search Amazon_field-keywords'

10-02-2024T02:44:19 - [TEST_STEP][PASSED] - click(findTestObject("Object Repository/Amazon_Validate_AddtoCart_OR/Page_Amazon.com. Spend less. Smile more/input_Search Amazon_nav-search-submit-button")): Object: 'Object Repository/Amazon_Validate_AddtoCart_OR/Page_Amazon.com. Spend less. Smile more/input_Search Amazon_nav-search-submit-button' is clicked on

10-02-2024T02:44:28 - [MESSAGE][PASSED] - Object: 'Object Repository/Amazon_Validate_AddtoCart_OR/Page_Amazon.com. Spend less. Smile more/input_Search Amazon_nav-search-submit-button' is clicked on

10-02-2024T02:44:28 - [TEST_STEP][PASSED] - click(findTestObject("Object Repository/Amazon_Validate_AddtoCart_OR/Page_Amazon.com  Asus vivobook/span_Touchscreen 15.6 Vivobook Business Lap_85f7b8")): Object: 'Object Repository/Amazon_Validate_AddtoCart_OR/Page_Amazon.com  Asus vivobook/span_Touchscreen 15.6 Vivobook Business Lap_85f7b8' is clicked on

10-02-2024T02:44:33 - [MESSAGE][PASSED] - Object: 'Object Repository/Amazon_Validate_AddtoCart_OR/Page_Amazon.com  Asus vivobook/span_Touchscreen 15.6 Vivobook Business Lap_85f7b8' is clicked on

10-02-2024T02:44:33 - [TEST_STEP][PASSED] - click(findTestObject("Object Repository/Amazon_Validate_AddtoCart_OR/Page_Amazon.com asus Touchscreen 15.6 Vivob_1ff1f6/input_Added to Cart_submit.addToCart")): Object: 'Object Repository/Amazon_Validate_AddtoCart_OR/Page_Amazon.com asus Touchscreen 15.6 Vivob_1ff1f6/input_Added to Cart_submit.addToCart' is clicked on

10-02-2024T02:44:40 - [MESSAGE][PASSED] - Object: 'Object Repository/Amazon_Validate_AddtoCart_OR/Page_Amazon.com asus Touchscreen 15.6 Vivob_1ff1f6/input_Added to Cart_submit.addToCart' is clicked on

10-02-2024T02:44:40 - [TEST_STEP][PASSED] - click(findTestObject("Object Repository/Amazon_Validate_AddtoCart_OR/Page_Amazon.com Shopping Cart/div_Added to Cart")): Object: 'Object Repository/Amazon_Validate_AddtoCart_OR/Page_Amazon.com Shopping Cart/div_Added to Cart' is clicked on

10-02-2024T02:44:43 - [MESSAGE][PASSED] - Object: 'Object Repository/Amazon_Validate_AddtoCart_OR/Page_Amazon.com Shopping Cart/div_Added to Cart' is clicked on

10-02-2024T02:44:43 - [TEST_STEP][PASSED] - closeBrowser(): Browser is closed

10-02-2024T02:44:44 - [MESSAGE][PASSED] - Browser is closed

10-02-2024T02:44:44 - [TEST_STEP][PASSED] - Start listener action : sampleAfterTestCase: Browser is closed

10-02-2024T02:44:44 - [TEST_STEP][PASSED] - closeBrowser(): Browser is closed

10-02-2024T02:44:44 - [MESSAGE][PASSED] - Browser is closed]]></system-out>
         <system-err><![CDATA[]]></system-err>
      </testcase>
      <system-out><![CDATA[10-02-2024T02:42:45 - [TEST_SUITE][FAILED] - Amazon_Test_Suite_002: Test Cases/Amazon/TC_Amazon_Validate_SearchItem FAILED.
Reason:
com.kms.katalon.core.exception.StepFailedException: Unable to select option by label 'Electronics' of object 'Object Repository/Amazon_Validate_SearchItem/Page_Amazon.com. Spend less. Smile more/categoryElement' 
	at com.kms.katalon.core.webui.keyword.internal.WebUIKeywordMain.stepFailed(WebUIKeywordMain.groovy:64)
	at com.kms.katalon.core.webui.keyword.internal.WebUIKeywordMain.runKeyword(WebUIKeywordMain.groovy:26)
	at com.kms.katalon.core.webui.keyword.builtin.SelectOptionByLabelKeyword.selectOptionByLabel(SelectOptionByLabelKeyword.groovy:98)
	at com.kms.katalon.core.webui.keyword.builtin.SelectOptionByLabelKeyword.execute(SelectOptionByLabelKeyword.groovy:71)
	at com.kms.katalon.core.keyword.internal.KeywordExecutor.executeKeywordForPlatform(KeywordExecutor.groovy:74)
	at com.kms.katalon.core.webui.keyword.WebUiBuiltInKeywords.selectOptionByLabel(WebUiBuiltInKeywords.groovy:1269)
	at TC_Amazon_Validate_SearchItem.run(TC_Amazon_Validate_SearchItem:24)
	at com.kms.katalon.core.main.ScriptEngine.run(ScriptEngine.java:194)
	at com.kms.katalon.core.main.ScriptEngine.runScriptAsRawText(ScriptEngine.java:119)
	at com.kms.katalon.core.main.TestCaseExecutor.runScript(TestCaseExecutor.java:448)
	at com.kms.katalon.core.main.TestCaseExecutor.doExecute(TestCaseExecutor.java:439)
	at com.kms.katalon.core.main.TestCaseExecutor.processExecutionPhase(TestCaseExecutor.java:418)
	at com.kms.katalon.core.main.TestCaseExecutor.accessMainPhase(TestCaseExecutor.java:410)
	at com.kms.katalon.core.main.TestCaseExecutor.execute(TestCaseExecutor.java:285)
	at com.kms.katalon.core.common.CommonExecutor.accessTestCaseMainPhase(CommonExecutor.java:65)
	at com.kms.katalon.core.main.TestSuiteExecutor.accessTestSuiteMainPhase(TestSuiteExecutor.java:148)
	at com.kms.katalon.core.main.TestSuiteExecutor.execute(TestSuiteExecutor.java:106)
	at com.kms.katalon.core.main.TestCaseMain.startTestSuite(TestCaseMain.java:180)
	at TempTestSuite1707513158978.run(TempTestSuite1707513158978.groovy:36)
	at java.base/jdk.internal.reflect.NativeMethodAccessorImpl.invoke0(Native Method)
	at java.base/jdk.internal.reflect.NativeMethodAccessorImpl.invoke(NativeMethodAccessorImpl.java:77)
	at java.base/jdk.internal.reflect.DelegatingMethodAccessorImpl.invoke(DelegatingMethodAccessorImpl.java:43)
Caused by: org.openqa.selenium.NoSuchWindowException: no such window: target window already closed
from unknown error: web view not found
  (Session info: chrome=121.0.6167.161)
Build info: version: '3.141.59', revision: 'e82be7d358', time: '2018-11-14T08:25:53'
System info: host: 'RAJU-GANGIDI', ip: '192.168.140.235', os.name: 'Windows 11', os.arch: 'amd64', os.version: '10.0', java.version: '17.0.7'
Driver info: com.kms.katalon.selenium.driver.CChromeDriver
Capabilities {acceptInsecureCerts: false, browserName: chrome, browserVersion: 121.0.6167.161, chrome: {chromedriverVersion: 121.0.6167.85 (3f98d690ad7e..., userDataDir: C:\Users\91939\AppData\Loca...}, fedcm:accounts: true, goog:chromeOptions: {debuggerAddress: localhost:54670}, javascriptEnabled: true, networkConnectionEnabled: false, pageLoadStrategy: normal, platform: WINDOWS, platformName: WINDOWS, proxy: Proxy(), setWindowRect: true, strictFileInteractability: false, timeouts: {implicit: 0, pageLoad: 300000, script: 30000}, unhandledPromptBehavior: dismiss and notify, webauthn:extension:credBlob: true, webauthn:extension:largeBlob: true, webauthn:extension:minPinLength: true, webauthn:extension:prf: true, webauthn:virtualAuthenticators: true}
Session ID: 921887f18d2037aeb01182745b2272d5
*** Element info: {Using=xpath, value=//select[@id='searchDropdownBox']}
	at java.base/jdk.internal.reflect.NativeConstructorAccessorImpl.newInstance0(Native Method)
	at java.base/jdk.internal.reflect.NativeConstructorAccessorImpl.newInstance(NativeConstructorAccessorImpl.java:77)
	at java.base/jdk.internal.reflect.DelegatingConstructorAccessorImpl.newInstance(DelegatingConstructorAccessorImpl.java:45)
	at org.openqa.selenium.remote.http.W3CHttpResponseCodec.createException(W3CHttpResponseCodec.java:187)
	at org.openqa.selenium.remote.http.W3CHttpResponseCodec.decode(W3CHttpResponseCodec.java:122)
	at org.openqa.selenium.remote.http.W3CHttpResponseCodec.decode(W3CHttpResponseCodec.java:49)
	at org.openqa.selenium.remote.HttpCommandExecutor.execute(HttpCommandExecutor.java:158)
	at org.openqa.selenium.remote.service.DriverCommandExecutor.execute(DriverCommandExecutor.java:83)
	at org.openqa.selenium.remote.RemoteWebDriver.execute(RemoteWebDriver.java:552)
	at com.kms.katalon.selenium.driver.CChromeDriver.execute(CChromeDriver.java:19)
	at org.openqa.selenium.remote.RemoteWebDriver.findElements(RemoteWebDriver.java:353)
	at org.openqa.selenium.remote.RemoteWebDriver.findElementsByXPath(RemoteWebDriver.java:432)
	at org.openqa.selenium.By$ByXPath.findElements(By.java:348)
	at org.openqa.selenium.remote.RemoteWebDriver.findElements(RemoteWebDriver.java:311)
	at jdk.internal.reflect.GeneratedMethodAccessor8.invoke(Unknown Source)
	at java.base/jdk.internal.reflect.DelegatingMethodAccessorImpl.invoke(DelegatingMethodAccessorImpl.java:43)
	at org.openqa.selenium.support.events.EventFiringWebDriver.lambda$new$1(EventFiringWebDriver.java:105)
	at jdk.proxy2/jdk.proxy2.$Proxy26.findElements(Unknown Source)
	at org.openqa.selenium.support.events.EventFiringWebDriver.findElements(EventFiringWebDriver.java:182)
	at com.kms.katalon.core.webui.common.WebUiCommonHelper.findElementByNormalMethods(WebUiCommonHelper.java:1025)
	at com.kms.katalon.core.webui.common.WebUiCommonHelper.findElementsBySelectedMethod(WebUiCommonHelper.java:915)
	at com.kms.katalon.core.webui.common.WebUiCommonHelper.findElementsBySelectedMethod(WebUiCommonHelper.java:897)
	at com.kms.katalon.core.webui.common.WebUiCommonHelper.findElementsBySelectedMethod(WebUiCommonHelper.java:892)
	at com.kms.katalon.core.webui.common.WebUiCommonHelper.findElementsByDefault(WebUiCommonHelper.java:888)
	at com.kms.katalon.core.webui.common.WebUiCommonHelper.findElementsWithSelfHealing(WebUiCommonHelper.java:734)
	at com.kms.katalon.core.webui.common.WebUiCommonHelper.findWebElements(WebUiCommonHelper.java:718)
	at com.kms.katalon.core.webui.common.WebUiCommonHelper.findWebElement(WebUiCommonHelper.java:1374)
	at com.kms.katalon.core.webui.keyword.internal.WebUIAbstractKeyword.findWebElement(WebUIAbstractKeyword.groovy:27)
	at com.kms.katalon.core.webui.keyword.internal.WebUIAbstractKeyword.findWebElement(WebUIAbstractKeyword.groovy:26)
	at com.kms.katalon.core.webui.keyword.builtin.SelectOptionByLabelKeyword$_selectOptionByLabel_closure1.doCall(SelectOptionByLabelKeyword.groovy:86)
	at com.kms.katalon.core.webui.keyword.builtin.SelectOptionByLabelKeyword$_selectOptionByLabel_closure1.call(SelectOptionByLabelKeyword.groovy)
	at com.kms.katalon.core.webui.keyword.internal.WebUIKeywordMain.runKeyword(WebUIKeywordMain.groovy:20)
	... 20 more]]></system-out>
      <system-err><![CDATA[10-02-2024T02:42:45 - [TEST_SUITE][FAILED] - Amazon_Test_Suite_002: Test Cases/Amazon/TC_Amazon_Validate_SearchItem FAILED.
Reason:
com.kms.katalon.core.exception.StepFailedException: Unable to select option by label 'Electronics' of object 'Object Repository/Amazon_Validate_SearchItem/Page_Amazon.com. Spend less. Smile more/categoryElement' 
	at com.kms.katalon.core.webui.keyword.internal.WebUIKeywordMain.stepFailed(WebUIKeywordMain.groovy:64)
	at com.kms.katalon.core.webui.keyword.internal.WebUIKeywordMain.runKeyword(WebUIKeywordMain.groovy:26)
	at com.kms.katalon.core.webui.keyword.builtin.SelectOptionByLabelKeyword.selectOptionByLabel(SelectOptionByLabelKeyword.groovy:98)
	at com.kms.katalon.core.webui.keyword.builtin.SelectOptionByLabelKeyword.execute(SelectOptionByLabelKeyword.groovy:71)
	at com.kms.katalon.core.keyword.internal.KeywordExecutor.executeKeywordForPlatform(KeywordExecutor.groovy:74)
	at com.kms.katalon.core.webui.keyword.WebUiBuiltInKeywords.selectOptionByLabel(WebUiBuiltInKeywords.groovy:1269)
	at TC_Amazon_Validate_SearchItem.run(TC_Amazon_Validate_SearchItem:24)
	at com.kms.katalon.core.main.ScriptEngine.run(ScriptEngine.java:194)
	at com.kms.katalon.core.main.ScriptEngine.runScriptAsRawText(ScriptEngine.java:119)
	at com.kms.katalon.core.main.TestCaseExecutor.runScript(TestCaseExecutor.java:448)
	at com.kms.katalon.core.main.TestCaseExecutor.doExecute(TestCaseExecutor.java:439)
	at com.kms.katalon.core.main.TestCaseExecutor.processExecutionPhase(TestCaseExecutor.java:418)
	at com.kms.katalon.core.main.TestCaseExecutor.accessMainPhase(TestCaseExecutor.java:410)
	at com.kms.katalon.core.main.TestCaseExecutor.execute(TestCaseExecutor.java:285)
	at com.kms.katalon.core.common.CommonExecutor.accessTestCaseMainPhase(CommonExecutor.java:65)
	at com.kms.katalon.core.main.TestSuiteExecutor.accessTestSuiteMainPhase(TestSuiteExecutor.java:148)
	at com.kms.katalon.core.main.TestSuiteExecutor.execute(TestSuiteExecutor.java:106)
	at com.kms.katalon.core.main.TestCaseMain.startTestSuite(TestCaseMain.java:180)
	at TempTestSuite1707513158978.run(TempTestSuite1707513158978.groovy:36)
	at java.base/jdk.internal.reflect.NativeMethodAccessorImpl.invoke0(Native Method)
	at java.base/jdk.internal.reflect.NativeMethodAccessorImpl.invoke(NativeMethodAccessorImpl.java:77)
	at java.base/jdk.internal.reflect.DelegatingMethodAccessorImpl.invoke(DelegatingMethodAccessorImpl.java:43)
Caused by: org.openqa.selenium.NoSuchWindowException: no such window: target window already closed
from unknown error: web view not found
  (Session info: chrome=121.0.6167.161)
Build info: version: '3.141.59', revision: 'e82be7d358', time: '2018-11-14T08:25:53'
System info: host: 'RAJU-GANGIDI', ip: '192.168.140.235', os.name: 'Windows 11', os.arch: 'amd64', os.version: '10.0', java.version: '17.0.7'
Driver info: com.kms.katalon.selenium.driver.CChromeDriver
Capabilities {acceptInsecureCerts: false, browserName: chrome, browserVersion: 121.0.6167.161, chrome: {chromedriverVersion: 121.0.6167.85 (3f98d690ad7e..., userDataDir: C:\Users\91939\AppData\Loca...}, fedcm:accounts: true, goog:chromeOptions: {debuggerAddress: localhost:54670}, javascriptEnabled: true, networkConnectionEnabled: false, pageLoadStrategy: normal, platform: WINDOWS, platformName: WINDOWS, proxy: Proxy(), setWindowRect: true, strictFileInteractability: false, timeouts: {implicit: 0, pageLoad: 300000, script: 30000}, unhandledPromptBehavior: dismiss and notify, webauthn:extension:credBlob: true, webauthn:extension:largeBlob: true, webauthn:extension:minPinLength: true, webauthn:extension:prf: true, webauthn:virtualAuthenticators: true}
Session ID: 921887f18d2037aeb01182745b2272d5
*** Element info: {Using=xpath, value=//select[@id='searchDropdownBox']}
	at java.base/jdk.internal.reflect.NativeConstructorAccessorImpl.newInstance0(Native Method)
	at java.base/jdk.internal.reflect.NativeConstructorAccessorImpl.newInstance(NativeConstructorAccessorImpl.java:77)
	at java.base/jdk.internal.reflect.DelegatingConstructorAccessorImpl.newInstance(DelegatingConstructorAccessorImpl.java:45)
	at org.openqa.selenium.remote.http.W3CHttpResponseCodec.createException(W3CHttpResponseCodec.java:187)
	at org.openqa.selenium.remote.http.W3CHttpResponseCodec.decode(W3CHttpResponseCodec.java:122)
	at org.openqa.selenium.remote.http.W3CHttpResponseCodec.decode(W3CHttpResponseCodec.java:49)
	at org.openqa.selenium.remote.HttpCommandExecutor.execute(HttpCommandExecutor.java:158)
	at org.openqa.selenium.remote.service.DriverCommandExecutor.execute(DriverCommandExecutor.java:83)
	at org.openqa.selenium.remote.RemoteWebDriver.execute(RemoteWebDriver.java:552)
	at com.kms.katalon.selenium.driver.CChromeDriver.execute(CChromeDriver.java:19)
	at org.openqa.selenium.remote.RemoteWebDriver.findElements(RemoteWebDriver.java:353)
	at org.openqa.selenium.remote.RemoteWebDriver.findElementsByXPath(RemoteWebDriver.java:432)
	at org.openqa.selenium.By$ByXPath.findElements(By.java:348)
	at org.openqa.selenium.remote.RemoteWebDriver.findElements(RemoteWebDriver.java:311)
	at jdk.internal.reflect.GeneratedMethodAccessor8.invoke(Unknown Source)
	at java.base/jdk.internal.reflect.DelegatingMethodAccessorImpl.invoke(DelegatingMethodAccessorImpl.java:43)
	at org.openqa.selenium.support.events.EventFiringWebDriver.lambda$new$1(EventFiringWebDriver.java:105)
	at jdk.proxy2/jdk.proxy2.$Proxy26.findElements(Unknown Source)
	at org.openqa.selenium.support.events.EventFiringWebDriver.findElements(EventFiringWebDriver.java:182)
	at com.kms.katalon.core.webui.common.WebUiCommonHelper.findElementByNormalMethods(WebUiCommonHelper.java:1025)
	at com.kms.katalon.core.webui.common.WebUiCommonHelper.findElementsBySelectedMethod(WebUiCommonHelper.java:915)
	at com.kms.katalon.core.webui.common.WebUiCommonHelper.findElementsBySelectedMethod(WebUiCommonHelper.java:897)
	at com.kms.katalon.core.webui.common.WebUiCommonHelper.findElementsBySelectedMethod(WebUiCommonHelper.java:892)
	at com.kms.katalon.core.webui.common.WebUiCommonHelper.findElementsByDefault(WebUiCommonHelper.java:888)
	at com.kms.katalon.core.webui.common.WebUiCommonHelper.findElementsWithSelfHealing(WebUiCommonHelper.java:734)
	at com.kms.katalon.core.webui.common.WebUiCommonHelper.findWebElements(WebUiCommonHelper.java:718)
	at com.kms.katalon.core.webui.common.WebUiCommonHelper.findWebElement(WebUiCommonHelper.java:1374)
	at com.kms.katalon.core.webui.keyword.internal.WebUIAbstractKeyword.findWebElement(WebUIAbstractKeyword.groovy:27)
	at com.kms.katalon.core.webui.keyword.internal.WebUIAbstractKeyword.findWebElement(WebUIAbstractKeyword.groovy:26)
	at com.kms.katalon.core.webui.keyword.builtin.SelectOptionByLabelKeyword$_selectOptionByLabel_closure1.doCall(SelectOptionByLabelKeyword.groovy:86)
	at com.kms.katalon.core.webui.keyword.builtin.SelectOptionByLabelKeyword$_selectOptionByLabel_closure1.call(SelectOptionByLabelKeyword.groovy)
	at com.kms.katalon.core.webui.keyword.internal.WebUIKeywordMain.runKeyword(WebUIKeywordMain.groovy:20)
	... 20 more]]></system-err>
   </testsuite>
</testsuites>
