<?xml version="1.0" encoding="UTF-8"?>
<testsuites name="Amazon_Test_Suite_001" time="78.376" tests="2" failures="0" errors="0">
   <testsuite name="Amazon_Test_Suite_001" tests="2" failures="0" errors="0" time="78.376" skipped="0" timestamp="10-02-2024T02:41:07" hostname="Raju - Raju-Gangidi" id="Test Suites/Amazon_Test_Suite_001">
      <properties>
         <property name="deviceName" value=""/>
         <property name="devicePlatform" value=""/>
         <property name="logFolder" value="C:\\Users\\91939\\git\\SI-GuidedProject-706089-1706605153\\Reports\\20240210_024100\\Amazon_Test_Suite_001\\20240210_024100"/>
         <property name="logFiles" value="C:\\Users\\91939\\git\\SI-GuidedProject-706089-1706605153\\Reports\\20240210_024100\\Amazon_Test_Suite_001\\20240210_024100\\execution0.log"/>
         <property name="attachments" value=""/>
         <property name="hostName" value="Raju - Raju-Gangidi"/>
         <property name="os" value="Windows 11 64bit"/>
         <property name="katalonVersion" value="9.3.0.212"/>
         <property name="browser" value="Chrome 121.0.0.0"/>
         <property name="hostAddress" value="192.168.140.235"/>
         <property name="sessionId" value="064a2dd8565a088912363b258bf081f7"/>
         <property name="seleniumVersion" value="3.141.59"/>
         <property name="proxyInformation" value="ProxyInformation { proxyOption=NO_PROXY, proxyServerType=HTTP, username=, password=********, proxyServerAddress=, proxyServerPort=0, executionList=&quot;&quot;, isApplyToDesiredCapabilities=true }"/>
         <property name="platform" value="Windows 11"/>
      </properties>
      <testcase name="Test Cases/Amazon/TC_Amazon_Validate_Login" time="28.29" classname="Test Cases/Amazon/TC_Amazon_Validate_Login" status="PASSED">
         <system-out><![CDATA[10-02-2024T02:41:07 - [TEST_CASE][PASSED] - Test Cases/Amazon/TC_Amazon_Validate_Login: Test Cases/Amazon/TC_Amazon_Validate_Login

10-02-2024T02:41:07 - [TEST_STEP][PASSED] - Start listener action : sampleBeforeTestCase: Navigate to 'https://www.amazon.com/' successfully

10-02-2024T02:41:07 - [TEST_STEP][PASSED] - openBrowser(""): Browser is opened with url: ''

10-02-2024T02:41:07 - [MESSAGE][INFO] - Starting 'Chrome' driver

10-02-2024T02:41:07 - [MESSAGE][INFO] - Action delay is set to 0 milliseconds

10-02-2024T02:41:09 - [MESSAGE][PASSED] - Browser is opened with url: ''

10-02-2024T02:41:09 - [TEST_STEP][PASSED] - navigateToUrl("https://www.amazon.com/"): Navigate to 'https://www.amazon.com/' successfully

10-02-2024T02:41:13 - [MESSAGE][PASSED] - Navigate to 'https://www.amazon.com/' successfully

10-02-2024T02:41:13 - [TEST_STEP][PASSED] - openBrowser(""): Browser is opened with url: ''

10-02-2024T02:41:13 - [MESSAGE][WARNING] - A browser is already opened. Closing browser and opening a new one

10-02-2024T02:41:13 - [MESSAGE][INFO] - Starting 'Chrome' driver

10-02-2024T02:41:13 - [MESSAGE][INFO] - Action delay is set to 0 milliseconds

10-02-2024T02:41:15 - [MESSAGE][PASSED] - Browser is opened with url: ''

10-02-2024T02:41:15 - [TEST_STEP][PASSED] - navigateToUrl(URL): Navigate to 'https://www.amazon.com/' successfully

10-02-2024T02:41:19 - [MESSAGE][PASSED] - Navigate to 'https://www.amazon.com/' successfully

10-02-2024T02:41:19 - [TEST_STEP][PASSED] - click(findTestObject("Object Repository/Amazon_Validate_Login_OR/Page_Amazon.com. Spend less. Smile more/span_Sign in")): Object: 'Object Repository/Amazon_Validate_Login_OR/Page_Amazon.com. Spend less. Smile more/span_Sign in' is clicked on

10-02-2024T02:41:23 - [MESSAGE][PASSED] - Object: 'Object Repository/Amazon_Validate_Login_OR/Page_Amazon.com. Spend less. Smile more/span_Sign in' is clicked on

10-02-2024T02:41:23 - [TEST_STEP][PASSED] - setText(findTestObject("Object Repository/Amazon_Validate_Login_OR/Page_Amazon Sign-In/input_Email or mobile phone number_email"), "frdscallsmereddy@gmail.com"): Text 'frdscallsmereddy@gmail.com' is set on object 'Object Repository/Amazon_Validate_Login_OR/Page_Amazon Sign-In/input_Email or mobile phone number_email'

10-02-2024T02:41:25 - [MESSAGE][PASSED] - Text 'frdscallsmereddy@gmail.com' is set on object 'Object Repository/Amazon_Validate_Login_OR/Page_Amazon Sign-In/input_Email or mobile phone number_email'

10-02-2024T02:41:25 - [TEST_STEP][PASSED] - click(findTestObject("Object Repository/Amazon_Validate_Login_OR/Page_Amazon Sign-In/input_Enter your email or mobile phone numb_fc7402")): Object: 'Object Repository/Amazon_Validate_Login_OR/Page_Amazon Sign-In/input_Enter your email or mobile phone numb_fc7402' is clicked on

10-02-2024T02:41:26 - [MESSAGE][PASSED] - Object: 'Object Repository/Amazon_Validate_Login_OR/Page_Amazon Sign-In/input_Enter your email or mobile phone numb_fc7402' is clicked on

10-02-2024T02:41:26 - [TEST_STEP][PASSED] - setEncryptedText(findTestObject("Object Repository/Amazon_Validate_Login_OR/Page_Amazon Sign-In/input_Forgot your password_password"), "c/SSayQdT/EtSq2U0Aqd+Q=="): Text ****** has been set on object 'Object Repository/Amazon_Validate_Login_OR/Page_Amazon Sign-In/input_Forgot your password_password'

10-02-2024T02:41:27 - [MESSAGE][PASSED] - Text ****** has been set on object 'Object Repository/Amazon_Validate_Login_OR/Page_Amazon Sign-In/input_Forgot your password_password'

10-02-2024T02:41:27 - [TEST_STEP][PASSED] - click(findTestObject("Object Repository/Amazon_Validate_Login_OR/Page_Amazon Sign-In/input_Enter your password_signInSubmit")): Object: 'Object Repository/Amazon_Validate_Login_OR/Page_Amazon Sign-In/input_Enter your password_signInSubmit' is clicked on

10-02-2024T02:41:28 - [MESSAGE][PASSED] - Object: 'Object Repository/Amazon_Validate_Login_OR/Page_Amazon Sign-In/input_Enter your password_signInSubmit' is clicked on

10-02-2024T02:41:28 - [TEST_STEP][PASSED] - maximizeWindow(): Current window maximized

10-02-2024T02:41:35 - [MESSAGE][PASSED] - Current window maximized

10-02-2024T02:41:35 - [TEST_STEP][PASSED] - closeBrowser(): Browser is closed

10-02-2024T02:41:35 - [MESSAGE][PASSED] - Browser is closed

10-02-2024T02:41:35 - [TEST_STEP][PASSED] - Start listener action : sampleAfterTestCase: Browser is closed

10-02-2024T02:41:35 - [TEST_STEP][PASSED] - closeBrowser(): Browser is closed

10-02-2024T02:41:35 - [MESSAGE][PASSED] - Browser is closed]]></system-out>
         <system-err><![CDATA[]]></system-err>
      </testcase>
      <testcase name="Test Cases/Amazon/TC_Amazon_Validate_Logout" time="29.514" classname="Test Cases/Amazon/TC_Amazon_Validate_Logout" status="PASSED">
         <system-out><![CDATA[10-02-2024T02:41:55 - [TEST_CASE][PASSED] - Test Cases/Amazon/TC_Amazon_Validate_Logout: Test Cases/Amazon/TC_Amazon_Validate_Logout

10-02-2024T02:41:55 - [TEST_STEP][PASSED] - Start listener action : sampleBeforeTestCase: Navigate to 'https://www.amazon.com/' successfully

10-02-2024T02:41:55 - [TEST_STEP][PASSED] - openBrowser(""): Browser is opened with url: ''

10-02-2024T02:41:55 - [MESSAGE][INFO] - Starting 'Chrome' driver

10-02-2024T02:41:55 - [MESSAGE][INFO] - Action delay is set to 0 milliseconds

10-02-2024T02:41:56 - [MESSAGE][PASSED] - Browser is opened with url: ''

10-02-2024T02:41:56 - [TEST_STEP][PASSED] - navigateToUrl("https://www.amazon.com/"): Navigate to 'https://www.amazon.com/' successfully

10-02-2024T02:42:00 - [MESSAGE][PASSED] - Navigate to 'https://www.amazon.com/' successfully

10-02-2024T02:42:00 - [TEST_STEP][PASSED] - openBrowser(""): Browser is opened with url: ''

10-02-2024T02:42:00 - [MESSAGE][WARNING] - A browser is already opened. Closing browser and opening a new one

10-02-2024T02:42:00 - [MESSAGE][INFO] - Starting 'Chrome' driver

10-02-2024T02:42:00 - [MESSAGE][INFO] - Action delay is set to 0 milliseconds

10-02-2024T02:42:01 - [MESSAGE][PASSED] - Browser is opened with url: ''

10-02-2024T02:42:01 - [TEST_STEP][PASSED] - navigateToUrl("https://www.amazon.com/"): Navigate to 'https://www.amazon.com/' successfully

10-02-2024T02:42:05 - [MESSAGE][PASSED] - Navigate to 'https://www.amazon.com/' successfully

10-02-2024T02:42:05 - [TEST_STEP][PASSED] - click(findTestObject("Object Repository/Amazon_Validate_Logout_OR/Page_Amazon.com. Spend less. Smile more/span_Sign in")): Object: 'Object Repository/Amazon_Validate_Logout_OR/Page_Amazon.com. Spend less. Smile more/span_Sign in' is clicked on

10-02-2024T02:42:09 - [MESSAGE][PASSED] - Object: 'Object Repository/Amazon_Validate_Logout_OR/Page_Amazon.com. Spend less. Smile more/span_Sign in' is clicked on

10-02-2024T02:42:09 - [TEST_STEP][PASSED] - setText(findTestObject("Object Repository/Amazon_Validate_Logout_OR/Page_Amazon Sign-In/input_Email or mobile phone number_email"), "frdscallsmereddy@gmail.com"): Text 'frdscallsmereddy@gmail.com' is set on object 'Object Repository/Amazon_Validate_Logout_OR/Page_Amazon Sign-In/input_Email or mobile phone number_email'

10-02-2024T02:42:11 - [MESSAGE][PASSED] - Text 'frdscallsmereddy@gmail.com' is set on object 'Object Repository/Amazon_Validate_Logout_OR/Page_Amazon Sign-In/input_Email or mobile phone number_email'

10-02-2024T02:42:11 - [TEST_STEP][PASSED] - click(findTestObject("Object Repository/Amazon_Validate_Logout_OR/Page_Amazon Sign-In/input_Enter your email or mobile phone numb_fc7402")): Object: 'Object Repository/Amazon_Validate_Logout_OR/Page_Amazon Sign-In/input_Enter your email or mobile phone numb_fc7402' is clicked on

10-02-2024T02:42:13 - [MESSAGE][PASSED] - Object: 'Object Repository/Amazon_Validate_Logout_OR/Page_Amazon Sign-In/input_Enter your email or mobile phone numb_fc7402' is clicked on

10-02-2024T02:42:13 - [TEST_STEP][PASSED] - setEncryptedText(findTestObject("Object Repository/Amazon_Validate_Logout_OR/Page_Amazon Sign-In/input_Forgot your password_password"), "c/SSayQdT/EtSq2U0Aqd+Q=="): Text ****** has been set on object 'Object Repository/Amazon_Validate_Logout_OR/Page_Amazon Sign-In/input_Forgot your password_password'

10-02-2024T02:42:13 - [MESSAGE][PASSED] - Text ****** has been set on object 'Object Repository/Amazon_Validate_Logout_OR/Page_Amazon Sign-In/input_Forgot your password_password'

10-02-2024T02:42:13 - [TEST_STEP][PASSED] - click(findTestObject("Object Repository/Amazon_Validate_Logout_OR/Page_Amazon Sign-In/input_Enter your password_signInSubmit")): Object: 'Object Repository/Amazon_Validate_Logout_OR/Page_Amazon Sign-In/input_Enter your password_signInSubmit' is clicked on

10-02-2024T02:42:14 - [MESSAGE][PASSED] - Object: 'Object Repository/Amazon_Validate_Logout_OR/Page_Amazon Sign-In/input_Enter your password_signInSubmit' is clicked on

10-02-2024T02:42:14 - [TEST_STEP][PASSED] - maximizeWindow(): Current window maximized

10-02-2024T02:42:20 - [MESSAGE][PASSED] - Current window maximized

10-02-2024T02:42:20 - [TEST_STEP][PASSED] - click(findTestObject("Object Repository/Amazon_Validate_Logout_OR/Page_Amazon.com. Spend less. Smile more/i_Sign Out_hm-icon nav-sprite")): Object: 'Object Repository/Amazon_Validate_Logout_OR/Page_Amazon.com. Spend less. Smile more/i_Sign Out_hm-icon nav-sprite' is clicked on

10-02-2024T02:42:21 - [MESSAGE][PASSED] - Object: 'Object Repository/Amazon_Validate_Logout_OR/Page_Amazon.com. Spend less. Smile more/i_Sign Out_hm-icon nav-sprite' is clicked on

10-02-2024T02:42:21 - [TEST_STEP][PASSED] - click(findTestObject("Object Repository/Amazon_Validate_Logout_OR/Page_Amazon.com. Spend less. Smile more/a_Sign Out")): Object: 'Object Repository/Amazon_Validate_Logout_OR/Page_Amazon.com. Spend less. Smile more/a_Sign Out' is clicked on

10-02-2024T02:42:25 - [MESSAGE][PASSED] - Object: 'Object Repository/Amazon_Validate_Logout_OR/Page_Amazon.com. Spend less. Smile more/a_Sign Out' is clicked on

10-02-2024T02:42:25 - [TEST_STEP][PASSED] - closeBrowser(): Browser is closed

10-02-2024T02:42:25 - [MESSAGE][PASSED] - Browser is closed

10-02-2024T02:42:25 - [TEST_STEP][PASSED] - Start listener action : sampleAfterTestCase: Browser is closed

10-02-2024T02:42:25 - [TEST_STEP][PASSED] - closeBrowser(): Browser is closed

10-02-2024T02:42:25 - [MESSAGE][PASSED] - Browser is closed]]></system-out>
         <system-err><![CDATA[]]></system-err>
      </testcase>
      <system-out><![CDATA[10-02-2024T02:41:07 - [TEST_SUITE][FAILED] - Amazon_Test_Suite_001: Test Cases/Amazon/TC_Amazon_Validate_Logout FAILED.
Reason:
com.kms.katalon.core.exception.StepFailedException: Unable to click on object 'Object Repository/Amazon_Validate_Logout_OR/Page_Amazon.com. Spend less. Smile more/span_Sign in'
	at com.kms.katalon.core.webui.keyword.internal.WebUIKeywordMain.stepFailed(WebUIKeywordMain.groovy:64)
	at com.kms.katalon.core.webui.keyword.internal.WebUIKeywordMain.runKeyword(WebUIKeywordMain.groovy:26)
	at com.kms.katalon.core.webui.keyword.builtin.ClickKeyword.click(ClickKeyword.groovy:74)
	at com.kms.katalon.core.webui.keyword.builtin.ClickKeyword.execute(ClickKeyword.groovy:40)
	at com.kms.katalon.core.keyword.internal.KeywordExecutor.executeKeywordForPlatform(KeywordExecutor.groovy:74)
	at com.kms.katalon.core.webui.keyword.WebUiBuiltInKeywords.click(WebUiBuiltInKeywords.groovy:659)
	at TC_Amazon_Validate_Logout.run(TC_Amazon_Validate_Logout:24)
	at com.kms.katalon.core.main.ScriptEngine.run(ScriptEngine.java:194)
	at com.kms.katalon.core.main.ScriptEngine.runScriptAsRawText(ScriptEngine.java:119)
	at com.kms.katalon.core.main.TestCaseExecutor.runScript(TestCaseExecutor.java:448)
	at com.kms.katalon.core.main.TestCaseExecutor.doExecute(TestCaseExecutor.java:439)
	at com.kms.katalon.core.main.TestCaseExecutor.processExecutionPhase(TestCaseExecutor.java:418)
	at com.kms.katalon.core.main.TestCaseExecutor.accessMainPhase(TestCaseExecutor.java:410)
	at com.kms.katalon.core.main.TestCaseExecutor.execute(TestCaseExecutor.java:285)
	at com.kms.katalon.core.common.CommonExecutor.accessTestCaseMainPhase(CommonExecutor.java:65)
	at com.kms.katalon.core.main.TestSuiteExecutor.accessTestSuiteMainPhase(TestSuiteExecutor.java:148)
	at com.kms.katalon.core.main.TestSuiteExecutor.execute(TestSuiteExecutor.java:106)
	at com.kms.katalon.core.main.TestCaseMain.startTestSuite(TestCaseMain.java:180)
	at TempTestSuite1707513060397.run(TempTestSuite1707513060397.groovy:36)
	at java.base/jdk.internal.reflect.NativeMethodAccessorImpl.invoke0(Native Method)
	at java.base/jdk.internal.reflect.NativeMethodAccessorImpl.invoke(NativeMethodAccessorImpl.java:77)
	at java.base/jdk.internal.reflect.DelegatingMethodAccessorImpl.invoke(DelegatingMethodAccessorImpl.java:43)
Caused by: org.openqa.selenium.WebDriverException: disconnected: not connected to DevTools
  (failed to check if window was closed: disconnected: not connected to DevTools)
  (Session info: chrome=121.0.6167.161)
Build info: version: '3.141.59', revision: 'e82be7d358', time: '2018-11-14T08:25:53'
System info: host: 'RAJU-GANGIDI', ip: '192.168.140.235', os.name: 'Windows 11', os.arch: 'amd64', os.version: '10.0', java.version: '17.0.7'
Driver info: com.kms.katalon.selenium.driver.CChromeDriver
Capabilities {acceptInsecureCerts: false, browserName: chrome, browserVersion: 121.0.6167.161, chrome: {chromedriverVersion: 121.0.6167.85 (3f98d690ad7e..., userDataDir: C:\Users\91939\AppData\Loca...}, fedcm:accounts: true, goog:chromeOptions: {debuggerAddress: localhost:54060}, javascriptEnabled: true, networkConnectionEnabled: false, pageLoadStrategy: normal, platform: WINDOWS, platformName: WINDOWS, proxy: Proxy(), setWindowRect: true, strictFileInteractability: false, timeouts: {implicit: 0, pageLoad: 300000, script: 30000}, unhandledPromptBehavior: dismiss and notify, webauthn:extension:credBlob: true, webauthn:extension:largeBlob: true, webauthn:extension:minPinLength: true, webauthn:extension:prf: true, webauthn:virtualAuthenticators: true}
Session ID: cf5f86081d68096817ea4e013a96e139
*** Element info: {Using=xpath, value=//div[@id='nav-signin-tooltip']/a/span}
	at java.base/jdk.internal.reflect.NativeConstructorAccessorImpl.newInstance0(Native Method)
	at java.base/jdk.internal.reflect.NativeConstructorAccessorImpl.newInstance(NativeConstructorAccessorImpl.java:77)
	at java.base/jdk.internal.reflect.DelegatingConstructorAccessorImpl.newInstance(DelegatingConstructorAccessorImpl.java:45)
	at org.openqa.selenium.remote.http.W3CHttpResponseCodec.createException(W3CHttpResponseCodec.java:187)
	at org.openqa.selenium.remote.http.W3CHttpResponseCodec.decode(W3CHttpResponseCodec.java:122)
	at org.openqa.selenium.remote.http.W3CHttpResponseCodec.decode(W3CHttpResponseCodec.java:49)
	at org.openqa.selenium.remote.HttpCommandExecutor.execute(HttpCommandExecutor.java:158)
	at org.openqa.selenium.remote.service.DriverCommandExecutor.execute(DriverCommandExecutor.java:83)
	at org.openqa.selenium.remote.RemoteWebDriver.execute(RemoteWebDriver.java:552)
	at com.kms.katalon.selenium.driver.CChromeDriver.execute(CChromeDriver.java:19)
	at org.openqa.selenium.remote.RemoteWebDriver.findElements(RemoteWebDriver.java:353)
	at org.openqa.selenium.remote.RemoteWebDriver.findElementsByXPath(RemoteWebDriver.java:432)
	at org.openqa.selenium.By$ByXPath.findElements(By.java:348)
	at org.openqa.selenium.remote.RemoteWebDriver.findElements(RemoteWebDriver.java:311)
	at jdk.internal.reflect.GeneratedMethodAccessor8.invoke(Unknown Source)
	at java.base/jdk.internal.reflect.DelegatingMethodAccessorImpl.invoke(DelegatingMethodAccessorImpl.java:43)
	at org.openqa.selenium.support.events.EventFiringWebDriver.lambda$new$1(EventFiringWebDriver.java:105)
	at jdk.proxy2/jdk.proxy2.$Proxy26.findElements(Unknown Source)
	at org.openqa.selenium.support.events.EventFiringWebDriver.findElements(EventFiringWebDriver.java:182)
	at com.kms.katalon.core.webui.common.WebUiCommonHelper.findElementByNormalMethods(WebUiCommonHelper.java:1025)
	at com.kms.katalon.core.webui.common.WebUiCommonHelper.findElementsBySelectedMethod(WebUiCommonHelper.java:915)
	at com.kms.katalon.core.webui.common.WebUiCommonHelper.findElementsBySelectedMethod(WebUiCommonHelper.java:897)
	at com.kms.katalon.core.webui.common.WebUiCommonHelper.findElementsBySelectedMethod(WebUiCommonHelper.java:892)
	at com.kms.katalon.core.webui.common.WebUiCommonHelper.findElementsByDefault(WebUiCommonHelper.java:888)
	at com.kms.katalon.core.webui.common.WebUiCommonHelper.findElementsWithSelfHealing(WebUiCommonHelper.java:734)
	at com.kms.katalon.core.webui.common.WebUiCommonHelper.findWebElements(WebUiCommonHelper.java:718)
	at com.kms.katalon.core.webui.common.WebUiCommonHelper.findWebElement(WebUiCommonHelper.java:1374)
	at com.kms.katalon.core.webui.keyword.internal.WebUIAbstractKeyword.findWebElement(WebUIAbstractKeyword.groovy:27)
	at com.kms.katalon.core.webui.keyword.builtin.ClickKeyword$_click_closure1.doCall(ClickKeyword.groovy:65)
	at com.kms.katalon.core.webui.keyword.builtin.ClickKeyword$_click_closure1.call(ClickKeyword.groovy)
	at com.kms.katalon.core.webui.keyword.internal.WebUIKeywordMain.runKeyword(WebUIKeywordMain.groovy:20)
	... 20 more]]></system-out>
      <system-err><![CDATA[10-02-2024T02:41:07 - [TEST_SUITE][FAILED] - Amazon_Test_Suite_001: Test Cases/Amazon/TC_Amazon_Validate_Logout FAILED.
Reason:
com.kms.katalon.core.exception.StepFailedException: Unable to click on object 'Object Repository/Amazon_Validate_Logout_OR/Page_Amazon.com. Spend less. Smile more/span_Sign in'
	at com.kms.katalon.core.webui.keyword.internal.WebUIKeywordMain.stepFailed(WebUIKeywordMain.groovy:64)
	at com.kms.katalon.core.webui.keyword.internal.WebUIKeywordMain.runKeyword(WebUIKeywordMain.groovy:26)
	at com.kms.katalon.core.webui.keyword.builtin.ClickKeyword.click(ClickKeyword.groovy:74)
	at com.kms.katalon.core.webui.keyword.builtin.ClickKeyword.execute(ClickKeyword.groovy:40)
	at com.kms.katalon.core.keyword.internal.KeywordExecutor.executeKeywordForPlatform(KeywordExecutor.groovy:74)
	at com.kms.katalon.core.webui.keyword.WebUiBuiltInKeywords.click(WebUiBuiltInKeywords.groovy:659)
	at TC_Amazon_Validate_Logout.run(TC_Amazon_Validate_Logout:24)
	at com.kms.katalon.core.main.ScriptEngine.run(ScriptEngine.java:194)
	at com.kms.katalon.core.main.ScriptEngine.runScriptAsRawText(ScriptEngine.java:119)
	at com.kms.katalon.core.main.TestCaseExecutor.runScript(TestCaseExecutor.java:448)
	at com.kms.katalon.core.main.TestCaseExecutor.doExecute(TestCaseExecutor.java:439)
	at com.kms.katalon.core.main.TestCaseExecutor.processExecutionPhase(TestCaseExecutor.java:418)
	at com.kms.katalon.core.main.TestCaseExecutor.accessMainPhase(TestCaseExecutor.java:410)
	at com.kms.katalon.core.main.TestCaseExecutor.execute(TestCaseExecutor.java:285)
	at com.kms.katalon.core.common.CommonExecutor.accessTestCaseMainPhase(CommonExecutor.java:65)
	at com.kms.katalon.core.main.TestSuiteExecutor.accessTestSuiteMainPhase(TestSuiteExecutor.java:148)
	at com.kms.katalon.core.main.TestSuiteExecutor.execute(TestSuiteExecutor.java:106)
	at com.kms.katalon.core.main.TestCaseMain.startTestSuite(TestCaseMain.java:180)
	at TempTestSuite1707513060397.run(TempTestSuite1707513060397.groovy:36)
	at java.base/jdk.internal.reflect.NativeMethodAccessorImpl.invoke0(Native Method)
	at java.base/jdk.internal.reflect.NativeMethodAccessorImpl.invoke(NativeMethodAccessorImpl.java:77)
	at java.base/jdk.internal.reflect.DelegatingMethodAccessorImpl.invoke(DelegatingMethodAccessorImpl.java:43)
Caused by: org.openqa.selenium.WebDriverException: disconnected: not connected to DevTools
  (failed to check if window was closed: disconnected: not connected to DevTools)
  (Session info: chrome=121.0.6167.161)
Build info: version: '3.141.59', revision: 'e82be7d358', time: '2018-11-14T08:25:53'
System info: host: 'RAJU-GANGIDI', ip: '192.168.140.235', os.name: 'Windows 11', os.arch: 'amd64', os.version: '10.0', java.version: '17.0.7'
Driver info: com.kms.katalon.selenium.driver.CChromeDriver
Capabilities {acceptInsecureCerts: false, browserName: chrome, browserVersion: 121.0.6167.161, chrome: {chromedriverVersion: 121.0.6167.85 (3f98d690ad7e..., userDataDir: C:\Users\91939\AppData\Loca...}, fedcm:accounts: true, goog:chromeOptions: {debuggerAddress: localhost:54060}, javascriptEnabled: true, networkConnectionEnabled: false, pageLoadStrategy: normal, platform: WINDOWS, platformName: WINDOWS, proxy: Proxy(), setWindowRect: true, strictFileInteractability: false, timeouts: {implicit: 0, pageLoad: 300000, script: 30000}, unhandledPromptBehavior: dismiss and notify, webauthn:extension:credBlob: true, webauthn:extension:largeBlob: true, webauthn:extension:minPinLength: true, webauthn:extension:prf: true, webauthn:virtualAuthenticators: true}
Session ID: cf5f86081d68096817ea4e013a96e139
*** Element info: {Using=xpath, value=//div[@id='nav-signin-tooltip']/a/span}
	at java.base/jdk.internal.reflect.NativeConstructorAccessorImpl.newInstance0(Native Method)
	at java.base/jdk.internal.reflect.NativeConstructorAccessorImpl.newInstance(NativeConstructorAccessorImpl.java:77)
	at java.base/jdk.internal.reflect.DelegatingConstructorAccessorImpl.newInstance(DelegatingConstructorAccessorImpl.java:45)
	at org.openqa.selenium.remote.http.W3CHttpResponseCodec.createException(W3CHttpResponseCodec.java:187)
	at org.openqa.selenium.remote.http.W3CHttpResponseCodec.decode(W3CHttpResponseCodec.java:122)
	at org.openqa.selenium.remote.http.W3CHttpResponseCodec.decode(W3CHttpResponseCodec.java:49)
	at org.openqa.selenium.remote.HttpCommandExecutor.execute(HttpCommandExecutor.java:158)
	at org.openqa.selenium.remote.service.DriverCommandExecutor.execute(DriverCommandExecutor.java:83)
	at org.openqa.selenium.remote.RemoteWebDriver.execute(RemoteWebDriver.java:552)
	at com.kms.katalon.selenium.driver.CChromeDriver.execute(CChromeDriver.java:19)
	at org.openqa.selenium.remote.RemoteWebDriver.findElements(RemoteWebDriver.java:353)
	at org.openqa.selenium.remote.RemoteWebDriver.findElementsByXPath(RemoteWebDriver.java:432)
	at org.openqa.selenium.By$ByXPath.findElements(By.java:348)
	at org.openqa.selenium.remote.RemoteWebDriver.findElements(RemoteWebDriver.java:311)
	at jdk.internal.reflect.GeneratedMethodAccessor8.invoke(Unknown Source)
	at java.base/jdk.internal.reflect.DelegatingMethodAccessorImpl.invoke(DelegatingMethodAccessorImpl.java:43)
	at org.openqa.selenium.support.events.EventFiringWebDriver.lambda$new$1(EventFiringWebDriver.java:105)
	at jdk.proxy2/jdk.proxy2.$Proxy26.findElements(Unknown Source)
	at org.openqa.selenium.support.events.EventFiringWebDriver.findElements(EventFiringWebDriver.java:182)
	at com.kms.katalon.core.webui.common.WebUiCommonHelper.findElementByNormalMethods(WebUiCommonHelper.java:1025)
	at com.kms.katalon.core.webui.common.WebUiCommonHelper.findElementsBySelectedMethod(WebUiCommonHelper.java:915)
	at com.kms.katalon.core.webui.common.WebUiCommonHelper.findElementsBySelectedMethod(WebUiCommonHelper.java:897)
	at com.kms.katalon.core.webui.common.WebUiCommonHelper.findElementsBySelectedMethod(WebUiCommonHelper.java:892)
	at com.kms.katalon.core.webui.common.WebUiCommonHelper.findElementsByDefault(WebUiCommonHelper.java:888)
	at com.kms.katalon.core.webui.common.WebUiCommonHelper.findElementsWithSelfHealing(WebUiCommonHelper.java:734)
	at com.kms.katalon.core.webui.common.WebUiCommonHelper.findWebElements(WebUiCommonHelper.java:718)
	at com.kms.katalon.core.webui.common.WebUiCommonHelper.findWebElement(WebUiCommonHelper.java:1374)
	at com.kms.katalon.core.webui.keyword.internal.WebUIAbstractKeyword.findWebElement(WebUIAbstractKeyword.groovy:27)
	at com.kms.katalon.core.webui.keyword.builtin.ClickKeyword$_click_closure1.doCall(ClickKeyword.groovy:65)
	at com.kms.katalon.core.webui.keyword.builtin.ClickKeyword$_click_closure1.call(ClickKeyword.groovy)
	at com.kms.katalon.core.webui.keyword.internal.WebUIKeywordMain.runKeyword(WebUIKeywordMain.groovy:20)
	... 20 more]]></system-err>
   </testsuite>
</testsuites>
