<?xml version="1.0" encoding="UTF-8"?>
<testsuites name="Amazon_Signin_Test_Listener" time="283.367" tests="1" failures="0" errors="0">
   <testsuite name="Amazon_Signin_Test_Listener" tests="1" failures="0" errors="0" time="283.367" skipped="0" timestamp="10-02-2024T20:51:48" hostname="Raju - Raju-Gangidi" id="Test Suites/Amazon_Signin_Test_Listener">
      <properties>
         <property name="deviceName" value=""/>
         <property name="devicePlatform" value=""/>
         <property name="logFolder" value="C:\\Users\\91939\\git\\SI-GuidedProject-706089-1706605153\\Reports\\20240210_205142\\Amazon_Signin_Test_Listener\\20240210_205142"/>
         <property name="logFiles" value="C:\\Users\\91939\\git\\SI-GuidedProject-706089-1706605153\\Reports\\20240210_205142\\Amazon_Signin_Test_Listener\\20240210_205142\\execution0.log"/>
         <property name="attachments" value=""/>
         <property name="hostName" value="Raju - Raju-Gangidi"/>
         <property name="os" value="Windows 11 64bit"/>
         <property name="katalonVersion" value="9.3.0.212"/>
         <property name="browser" value="Chrome 121.0.0.0"/>
         <property name="hostAddress" value="192.168.241.235"/>
         <property name="sessionId" value="fe5d0a3cc9ae23181bc6a5f6a9e1c55a"/>
         <property name="seleniumVersion" value="3.141.59"/>
         <property name="proxyInformation" value="ProxyInformation { proxyOption=NO_PROXY, proxyServerType=HTTP, username=, password=********, proxyServerAddress=, proxyServerPort=0, executionList=&quot;&quot;, isApplyToDesiredCapabilities=true }"/>
         <property name="platform" value="Windows 11"/>
      </properties>
      <testcase name="Test Cases/Amazon/TC_TL_Amazon_SignIn" time="19.274" classname="Test Cases/Amazon/TC_TL_Amazon_SignIn" status="PASSED">
         <system-out><![CDATA[10-02-2024T20:56:12 - [TEST_CASE][PASSED] - Test Cases/Amazon/TC_TL_Amazon_SignIn: Test Cases/Amazon/TC_TL_Amazon_SignIn

10-02-2024T20:56:12 - [TEST_STEP][PASSED] - Start listener action : sampleBeforeTestCase: Navigate to 'https://www.amazon.com/' successfully

10-02-2024T20:56:12 - [TEST_STEP][PASSED] - openBrowser(""): Browser is opened with url: ''

10-02-2024T20:56:12 - [MESSAGE][INFO] - Starting 'Chrome' driver

10-02-2024T20:56:12 - [MESSAGE][INFO] - Action delay is set to 0 milliseconds

10-02-2024T20:56:13 - [MESSAGE][PASSED] - Browser is opened with url: ''

10-02-2024T20:56:13 - [TEST_STEP][PASSED] - navigateToUrl("https://www.amazon.com/"): Navigate to 'https://www.amazon.com/' successfully

10-02-2024T20:56:15 - [MESSAGE][PASSED] - Navigate to 'https://www.amazon.com/' successfully

10-02-2024T20:56:15 - [TEST_STEP][PASSED] - openBrowser(""): Browser is opened with url: ''

10-02-2024T20:56:15 - [MESSAGE][WARNING] - A browser is already opened. Closing browser and opening a new one

10-02-2024T20:56:15 - [MESSAGE][INFO] - Starting 'Chrome' driver

10-02-2024T20:56:15 - [MESSAGE][INFO] - Action delay is set to 0 milliseconds

10-02-2024T20:56:16 - [MESSAGE][PASSED] - Browser is opened with url: ''

10-02-2024T20:56:16 - [TEST_STEP][PASSED] - navigateToUrl(url): Navigate to 'https://www.amazon.com/' successfully

10-02-2024T20:56:21 - [MESSAGE][PASSED] - Navigate to 'https://www.amazon.com/' successfully

10-02-2024T20:56:21 - [TEST_STEP][PASSED] - click(findTestObject("Object Repository/TL_Amazon_Signin/Page_Amazon.com. Spend less. Smile more/span_Sign in")): Object: 'Object Repository/TL_Amazon_Signin/Page_Amazon.com. Spend less. Smile more/span_Sign in' is clicked on

10-02-2024T20:56:25 - [MESSAGE][PASSED] - Object: 'Object Repository/TL_Amazon_Signin/Page_Amazon.com. Spend less. Smile more/span_Sign in' is clicked on

10-02-2024T20:56:25 - [TEST_STEP][PASSED] - setText(findTestObject("Object Repository/TL_Amazon_Signin/Page_Amazon Sign-In/input_Email or mobile phone number_email"), email): Text 'frdscallsmereddy@gmail.com' is set on object 'Object Repository/TL_Amazon_Signin/Page_Amazon Sign-In/input_Email or mobile phone number_email'

10-02-2024T20:56:27 - [MESSAGE][PASSED] - Text 'frdscallsmereddy@gmail.com' is set on object 'Object Repository/TL_Amazon_Signin/Page_Amazon Sign-In/input_Email or mobile phone number_email'

10-02-2024T20:56:27 - [TEST_STEP][PASSED] - click(findTestObject("Object Repository/TL_Amazon_Signin/Page_Amazon Sign-In/input_Enter your email or mobile phone numb_fc7402")): Object: 'Object Repository/TL_Amazon_Signin/Page_Amazon Sign-In/input_Enter your email or mobile phone numb_fc7402' is clicked on

10-02-2024T20:56:29 - [MESSAGE][PASSED] - Object: 'Object Repository/TL_Amazon_Signin/Page_Amazon Sign-In/input_Enter your email or mobile phone numb_fc7402' is clicked on

10-02-2024T20:56:29 - [TEST_STEP][PASSED] - setEncryptedText(findTestObject("Object Repository/TL_Amazon_Signin/Page_Amazon Sign-In/input_Forgot your password_password"), "c/SSayQdT/EtSq2U0Aqd+Q=="): Text ****** has been set on object 'Object Repository/TL_Amazon_Signin/Page_Amazon Sign-In/input_Forgot your password_password'

10-02-2024T20:56:30 - [MESSAGE][PASSED] - Text ****** has been set on object 'Object Repository/TL_Amazon_Signin/Page_Amazon Sign-In/input_Forgot your password_password'

10-02-2024T20:56:30 - [TEST_STEP][PASSED] - click(findTestObject("Object Repository/TL_Amazon_Signin/Page_Amazon Sign-In/input_Enter your password_signInSubmit")): Object: 'Object Repository/TL_Amazon_Signin/Page_Amazon Sign-In/input_Enter your password_signInSubmit' is clicked on

10-02-2024T20:56:31 - [MESSAGE][PASSED] - Object: 'Object Repository/TL_Amazon_Signin/Page_Amazon Sign-In/input_Enter your password_signInSubmit' is clicked on

10-02-2024T20:56:31 - [TEST_STEP][PASSED] - closeBrowser(): Browser is closed

10-02-2024T20:56:31 - [MESSAGE][PASSED] - Browser is closed

10-02-2024T20:56:31 - [TEST_STEP][PASSED] - Start listener action : sampleAfterTestCase: Browser is closed

10-02-2024T20:56:31 - [TEST_STEP][PASSED] - closeBrowser(): Browser is closed

10-02-2024T20:56:31 - [MESSAGE][PASSED] - Browser is closed]]></system-out>
         <system-err><![CDATA[]]></system-err>
      </testcase>
      <system-out><![CDATA[10-02-2024T20:51:48 - [TEST_SUITE][FAILED] - Amazon_Signin_Test_Listener: Test Cases/Amazon/TC_TL_Amazon_SignIn FAILED.
Reason:
com.kms.katalon.core.exception.StepFailedException: Unable to click on object 'Object Repository/TL_Amazon_Signin/Page_Amazon.com. Spend less. Smile more/span_Sign in'
	at com.kms.katalon.core.webui.keyword.internal.WebUIKeywordMain.stepFailed(WebUIKeywordMain.groovy:64)
	at com.kms.katalon.core.webui.keyword.internal.WebUIKeywordMain.runKeyword(WebUIKeywordMain.groovy:26)
	at com.kms.katalon.core.webui.keyword.builtin.ClickKeyword.click(ClickKeyword.groovy:74)
	at com.kms.katalon.core.webui.keyword.builtin.ClickKeyword.execute(ClickKeyword.groovy:40)
	at com.kms.katalon.core.keyword.internal.KeywordExecutor.executeKeywordForPlatform(KeywordExecutor.groovy:74)
	at com.kms.katalon.core.webui.keyword.WebUiBuiltInKeywords.click(WebUiBuiltInKeywords.groovy:659)
	at TC_TL_Amazon_SignIn.run(TC_TL_Amazon_SignIn:24)
	at com.kms.katalon.core.main.ScriptEngine.run(ScriptEngine.java:194)
	at com.kms.katalon.core.main.ScriptEngine.runScriptAsRawText(ScriptEngine.java:119)
	at com.kms.katalon.core.main.TestCaseExecutor.runScript(TestCaseExecutor.java:448)
	at com.kms.katalon.core.main.TestCaseExecutor.doExecute(TestCaseExecutor.java:439)
	at com.kms.katalon.core.main.TestCaseExecutor.processExecutionPhase(TestCaseExecutor.java:418)
	at com.kms.katalon.core.main.TestCaseExecutor.accessMainPhase(TestCaseExecutor.java:410)
	at com.kms.katalon.core.main.TestCaseExecutor.execute(TestCaseExecutor.java:285)
	at com.kms.katalon.core.common.CommonExecutor.accessTestCaseMainPhase(CommonExecutor.java:65)
	at com.kms.katalon.core.main.TestSuiteExecutor.accessTestSuiteMainPhase(TestSuiteExecutor.java:148)
	at com.kms.katalon.core.main.TestSuiteExecutor.execute(TestSuiteExecutor.java:106)
	at com.kms.katalon.core.main.TestCaseMain.startTestSuite(TestCaseMain.java:180)
	at TempTestSuite1707578502675.run(TempTestSuite1707578502675.groovy:36)
	at java.base/jdk.internal.reflect.NativeMethodAccessorImpl.invoke0(Native Method)
	at java.base/jdk.internal.reflect.NativeMethodAccessorImpl.invoke(NativeMethodAccessorImpl.java:77)
	at java.base/jdk.internal.reflect.DelegatingMethodAccessorImpl.invoke(DelegatingMethodAccessorImpl.java:43)
Caused by: com.kms.katalon.core.webui.exception.WebElementNotFoundException: Web element with id: 'Object Repository/TL_Amazon_Signin/Page_Amazon.com. Spend less. Smile more/span_Sign in' located by '//div[@id='nav-signin-tooltip']/a/span' not found
	at com.kms.katalon.core.webui.common.WebUiCommonHelper.findWebElement(WebUiCommonHelper.java:1379)
	at com.kms.katalon.core.webui.keyword.internal.WebUIAbstractKeyword.findWebElement(WebUIAbstractKeyword.groovy:27)
	at com.kms.katalon.core.webui.keyword.builtin.ClickKeyword$_click_closure1.doCall(ClickKeyword.groovy:65)
	at com.kms.katalon.core.webui.keyword.builtin.ClickKeyword$_click_closure1.call(ClickKeyword.groovy)
	at com.kms.katalon.core.webui.keyword.internal.WebUIKeywordMain.runKeyword(WebUIKeywordMain.groovy:20)
	... 20 more]]></system-out>
      <system-err><![CDATA[10-02-2024T20:51:48 - [TEST_SUITE][FAILED] - Amazon_Signin_Test_Listener: Test Cases/Amazon/TC_TL_Amazon_SignIn FAILED.
Reason:
com.kms.katalon.core.exception.StepFailedException: Unable to click on object 'Object Repository/TL_Amazon_Signin/Page_Amazon.com. Spend less. Smile more/span_Sign in'
	at com.kms.katalon.core.webui.keyword.internal.WebUIKeywordMain.stepFailed(WebUIKeywordMain.groovy:64)
	at com.kms.katalon.core.webui.keyword.internal.WebUIKeywordMain.runKeyword(WebUIKeywordMain.groovy:26)
	at com.kms.katalon.core.webui.keyword.builtin.ClickKeyword.click(ClickKeyword.groovy:74)
	at com.kms.katalon.core.webui.keyword.builtin.ClickKeyword.execute(ClickKeyword.groovy:40)
	at com.kms.katalon.core.keyword.internal.KeywordExecutor.executeKeywordForPlatform(KeywordExecutor.groovy:74)
	at com.kms.katalon.core.webui.keyword.WebUiBuiltInKeywords.click(WebUiBuiltInKeywords.groovy:659)
	at TC_TL_Amazon_SignIn.run(TC_TL_Amazon_SignIn:24)
	at com.kms.katalon.core.main.ScriptEngine.run(ScriptEngine.java:194)
	at com.kms.katalon.core.main.ScriptEngine.runScriptAsRawText(ScriptEngine.java:119)
	at com.kms.katalon.core.main.TestCaseExecutor.runScript(TestCaseExecutor.java:448)
	at com.kms.katalon.core.main.TestCaseExecutor.doExecute(TestCaseExecutor.java:439)
	at com.kms.katalon.core.main.TestCaseExecutor.processExecutionPhase(TestCaseExecutor.java:418)
	at com.kms.katalon.core.main.TestCaseExecutor.accessMainPhase(TestCaseExecutor.java:410)
	at com.kms.katalon.core.main.TestCaseExecutor.execute(TestCaseExecutor.java:285)
	at com.kms.katalon.core.common.CommonExecutor.accessTestCaseMainPhase(CommonExecutor.java:65)
	at com.kms.katalon.core.main.TestSuiteExecutor.accessTestSuiteMainPhase(TestSuiteExecutor.java:148)
	at com.kms.katalon.core.main.TestSuiteExecutor.execute(TestSuiteExecutor.java:106)
	at com.kms.katalon.core.main.TestCaseMain.startTestSuite(TestCaseMain.java:180)
	at TempTestSuite1707578502675.run(TempTestSuite1707578502675.groovy:36)
	at java.base/jdk.internal.reflect.NativeMethodAccessorImpl.invoke0(Native Method)
	at java.base/jdk.internal.reflect.NativeMethodAccessorImpl.invoke(NativeMethodAccessorImpl.java:77)
	at java.base/jdk.internal.reflect.DelegatingMethodAccessorImpl.invoke(DelegatingMethodAccessorImpl.java:43)
Caused by: com.kms.katalon.core.webui.exception.WebElementNotFoundException: Web element with id: 'Object Repository/TL_Amazon_Signin/Page_Amazon.com. Spend less. Smile more/span_Sign in' located by '//div[@id='nav-signin-tooltip']/a/span' not found
	at com.kms.katalon.core.webui.common.WebUiCommonHelper.findWebElement(WebUiCommonHelper.java:1379)
	at com.kms.katalon.core.webui.keyword.internal.WebUIAbstractKeyword.findWebElement(WebUIAbstractKeyword.groovy:27)
	at com.kms.katalon.core.webui.keyword.builtin.ClickKeyword$_click_closure1.doCall(ClickKeyword.groovy:65)
	at com.kms.katalon.core.webui.keyword.builtin.ClickKeyword$_click_closure1.call(ClickKeyword.groovy)
	at com.kms.katalon.core.webui.keyword.internal.WebUIKeywordMain.runKeyword(WebUIKeywordMain.groovy:20)
	... 20 more]]></system-err>
   </testsuite>
</testsuites>
