<?xml version="1.0" encoding="UTF-8"?>
<testsuites name="DDT_TS_Amazon_Validate_SearchItems_Excel" time="1679.558" tests="2" failures="0" errors="0">
   <testsuite name="DDT_TS_Amazon_Validate_SearchItems_Excel" tests="2" failures="0" errors="0" time="1679.558" skipped="0" timestamp="10-02-2024T20:20:37" hostname="Raju - Raju-Gangidi" id="Test Suites/DDT_TS_Amazon_Validate_SearchItems_Excel">
      <properties>
         <property name="deviceName" value=""/>
         <property name="devicePlatform" value=""/>
         <property name="logFolder" value="C:\\Users\\91939\\git\\SI-GuidedProject-706089-1706605153\\Reports\\20240210_202032\\DDT_TS_Amazon_Validate_SearchItems_Excel\\20240210_202032"/>
         <property name="logFiles" value="C:\\Users\\91939\\git\\SI-GuidedProject-706089-1706605153\\Reports\\20240210_202032\\DDT_TS_Amazon_Validate_SearchItems_Excel\\20240210_202032\\execution0.log"/>
         <property name="attachments" value="C:\\Users\\91939\\git\\SI-GuidedProject-706089-1706605153\\Reports\\20240210_202032\\DDT_TS_Amazon_Validate_SearchItems_Excel\\20240210_202032\\1707576977766.png"/>
         <property name="hostName" value="Raju - Raju-Gangidi"/>
         <property name="os" value="Windows 11 64bit"/>
         <property name="katalonVersion" value="9.3.0.212"/>
         <property name="browser" value="Chrome 121.0.0.0"/>
         <property name="hostAddress" value="192.168.241.235"/>
         <property name="sessionId" value="b823e2f2bdbe4c4eb2a840303deb6d45"/>
         <property name="seleniumVersion" value="3.141.59"/>
         <property name="proxyInformation" value="ProxyInformation { proxyOption=NO_PROXY, proxyServerType=HTTP, username=, password=********, proxyServerAddress=, proxyServerPort=0, executionList=&quot;&quot;, isApplyToDesiredCapabilities=true }"/>
         <property name="platform" value="Windows 11"/>
      </properties>
      <testcase name="Test Cases/Amazon/DDT_Amazon_Validate_Category" time="21.97" classname="Test Cases/Amazon/DDT_Amazon_Validate_Category" status="PASSED">
         <system-out><![CDATA[10-02-2024T20:20:37 - [TEST_CASE][PASSED] - Test Cases/Amazon/DDT_Amazon_Validate_Category: Test Cases/Amazon/DDT_Amazon_Validate_Category

10-02-2024T20:20:37 - [TEST_STEP][PASSED] - Start listener action : sampleBeforeTestCase: Navigate to 'https://www.amazon.com/' successfully

10-02-2024T20:20:37 - [TEST_STEP][PASSED] - openBrowser(""): Browser is opened with url: ''

10-02-2024T20:20:38 - [MESSAGE][INFO] - Starting 'Chrome' driver

10-02-2024T20:20:38 - [MESSAGE][INFO] - Action delay is set to 0 milliseconds

10-02-2024T20:20:40 - [MESSAGE][PASSED] - Browser is opened with url: ''

10-02-2024T20:20:40 - [TEST_STEP][PASSED] - navigateToUrl("https://www.amazon.com/"): Navigate to 'https://www.amazon.com/' successfully

10-02-2024T20:20:43 - [MESSAGE][PASSED] - Navigate to 'https://www.amazon.com/' successfully

10-02-2024T20:20:44 - [TEST_STEP][PASSED] - openBrowser(""): Browser is opened with url: ''

10-02-2024T20:20:44 - [MESSAGE][WARNING] - A browser is already opened. Closing browser and opening a new one

10-02-2024T20:20:44 - [MESSAGE][INFO] - Starting 'Chrome' driver

10-02-2024T20:20:44 - [MESSAGE][INFO] - Action delay is set to 0 milliseconds

10-02-2024T20:20:45 - [MESSAGE][PASSED] - Browser is opened with url: ''

10-02-2024T20:20:45 - [TEST_STEP][PASSED] - navigateToUrl("https://www.amazon.com/"): Navigate to 'https://www.amazon.com/' successfully

10-02-2024T20:20:49 - [MESSAGE][PASSED] - Navigate to 'https://www.amazon.com/' successfully

10-02-2024T20:20:49 - [TEST_STEP][PASSED] - maximizeWindow(): Current window maximized

10-02-2024T20:20:49 - [MESSAGE][PASSED] - Current window maximized

10-02-2024T20:20:49 - [TEST_STEP][PASSED] - selectOptionByLabel(findTestObject("Object Repository/DDT_Amazon_Validate_Category_OR/Page_Amazon.com. Spend less. Smile more/elementCategory"), elementCategory, true): All options with label 'Prime Video' are selected in object 'Object Repository/DDT_Amazon_Validate_Category_OR/Page_Amazon.com. Spend less. Smile more/elementCategory'  using regular expression

10-02-2024T20:20:53 - [MESSAGE][PASSED] - All options with label 'Prime Video' are selected in object 'Object Repository/DDT_Amazon_Validate_Category_OR/Page_Amazon.com. Spend less. Smile more/elementCategory'  using regular expression

10-02-2024T20:20:53 - [TEST_STEP][PASSED] - setText(findTestObject("Object Repository/DDT_Amazon_Validate_Category_OR/Page_Amazon.com. Spend less. Smile more/input_Search Amazon_field-keywords"), Item): Text 'Telugu 2024' is set on object 'Object Repository/DDT_Amazon_Validate_Category_OR/Page_Amazon.com. Spend less. Smile more/input_Search Amazon_field-keywords'

10-02-2024T20:20:55 - [MESSAGE][PASSED] - Text 'Telugu 2024' is set on object 'Object Repository/DDT_Amazon_Validate_Category_OR/Page_Amazon.com. Spend less. Smile more/input_Search Amazon_field-keywords'

10-02-2024T20:20:55 - [TEST_STEP][PASSED] - click(findTestObject("Object Repository/DDT_Amazon_Validate_Category_OR/Page_Amazon.com. Spend less. Smile more/input_Search Amazon_nav-search-submit-button")): Object: 'Object Repository/DDT_Amazon_Validate_Category_OR/Page_Amazon.com. Spend less. Smile more/input_Search Amazon_nav-search-submit-button' is clicked on

10-02-2024T20:20:59 - [MESSAGE][PASSED] - Object: 'Object Repository/DDT_Amazon_Validate_Category_OR/Page_Amazon.com. Spend less. Smile more/input_Search Amazon_nav-search-submit-button' is clicked on

10-02-2024T20:20:59 - [TEST_STEP][PASSED] - closeBrowser(): Browser is closed

10-02-2024T20:20:59 - [MESSAGE][PASSED] - Browser is closed

10-02-2024T20:20:59 - [TEST_STEP][PASSED] - Start listener action : sampleAfterTestCase: Browser is closed

10-02-2024T20:20:59 - [TEST_STEP][PASSED] - closeBrowser(): Browser is closed

10-02-2024T20:20:59 - [MESSAGE][PASSED] - Browser is closed]]></system-out>
         <system-err><![CDATA[]]></system-err>
      </testcase>
      <testcase name="Test Cases/Amazon/DDT_Amazon_Validate_Category" time="363.665" classname="Test Cases/Amazon/DDT_Amazon_Validate_Category" status="PASSED">
         <system-out><![CDATA[10-02-2024T20:42:33 - [TEST_CASE][PASSED] - Test Cases/Amazon/DDT_Amazon_Validate_Category: Test Cases/Amazon/DDT_Amazon_Validate_Category

10-02-2024T20:42:33 - [TEST_STEP][PASSED] - Start listener action : sampleBeforeTestCase: Navigate to 'https://www.amazon.com/' successfully

10-02-2024T20:42:33 - [TEST_STEP][PASSED] - openBrowser(""): Browser is opened with url: ''

10-02-2024T20:42:33 - [MESSAGE][INFO] - Starting 'Chrome' driver

10-02-2024T20:42:33 - [MESSAGE][INFO] - Action delay is set to 0 milliseconds

10-02-2024T20:42:38 - [MESSAGE][PASSED] - Browser is opened with url: ''

10-02-2024T20:42:38 - [TEST_STEP][PASSED] - navigateToUrl("https://www.amazon.com/"): Navigate to 'https://www.amazon.com/' successfully

10-02-2024T20:43:10 - [MESSAGE][PASSED] - Navigate to 'https://www.amazon.com/' successfully

10-02-2024T20:43:10 - [TEST_STEP][PASSED] - openBrowser(""): Browser is opened with url: ''

10-02-2024T20:43:10 - [MESSAGE][WARNING] - A browser is already opened. Closing browser and opening a new one

10-02-2024T20:43:10 - [MESSAGE][INFO] - Starting 'Chrome' driver

10-02-2024T20:43:10 - [MESSAGE][INFO] - Action delay is set to 0 milliseconds

10-02-2024T20:43:12 - [MESSAGE][PASSED] - Browser is opened with url: ''

10-02-2024T20:43:12 - [TEST_STEP][PASSED] - navigateToUrl("https://www.amazon.com/"): Navigate to 'https://www.amazon.com/' successfully

10-02-2024T20:48:00 - [MESSAGE][PASSED] - Navigate to 'https://www.amazon.com/' successfully

10-02-2024T20:48:00 - [TEST_STEP][PASSED] - maximizeWindow(): Current window maximized

10-02-2024T20:48:00 - [MESSAGE][PASSED] - Current window maximized

10-02-2024T20:48:00 - [TEST_STEP][PASSED] - selectOptionByLabel(findTestObject("Object Repository/DDT_Amazon_Validate_Category_OR/Page_Amazon.com. Spend less. Smile more/elementCategory"), elementCategory, true): All options with label 'Books' are selected in object 'Object Repository/DDT_Amazon_Validate_Category_OR/Page_Amazon.com. Spend less. Smile more/elementCategory'  using regular expression

10-02-2024T20:48:32 - [MESSAGE][PASSED] - All options with label 'Books' are selected in object 'Object Repository/DDT_Amazon_Validate_Category_OR/Page_Amazon.com. Spend less. Smile more/elementCategory'  using regular expression

10-02-2024T20:48:32 - [TEST_STEP][PASSED] - setText(findTestObject("Object Repository/DDT_Amazon_Validate_Category_OR/Page_Amazon.com. Spend less. Smile more/input_Search Amazon_field-keywords"), Item): Text 'Da vinci code' is set on object 'Object Repository/DDT_Amazon_Validate_Category_OR/Page_Amazon.com. Spend less. Smile more/input_Search Amazon_field-keywords'

10-02-2024T20:48:33 - [MESSAGE][PASSED] - Text 'Da vinci code' is set on object 'Object Repository/DDT_Amazon_Validate_Category_OR/Page_Amazon.com. Spend less. Smile more/input_Search Amazon_field-keywords'

10-02-2024T20:48:33 - [TEST_STEP][PASSED] - click(findTestObject("Object Repository/DDT_Amazon_Validate_Category_OR/Page_Amazon.com. Spend less. Smile more/input_Search Amazon_nav-search-submit-button")): Object: 'Object Repository/DDT_Amazon_Validate_Category_OR/Page_Amazon.com. Spend less. Smile more/input_Search Amazon_nav-search-submit-button' is clicked on

10-02-2024T20:48:36 - [MESSAGE][PASSED] - Object: 'Object Repository/DDT_Amazon_Validate_Category_OR/Page_Amazon.com. Spend less. Smile more/input_Search Amazon_nav-search-submit-button' is clicked on

10-02-2024T20:48:36 - [TEST_STEP][PASSED] - closeBrowser(): Browser is closed

10-02-2024T20:48:37 - [MESSAGE][PASSED] - Browser is closed

10-02-2024T20:48:37 - [TEST_STEP][PASSED] - Start listener action : sampleAfterTestCase: Browser is closed

10-02-2024T20:48:37 - [TEST_STEP][PASSED] - closeBrowser(): Browser is closed

10-02-2024T20:48:37 - [MESSAGE][PASSED] - Browser is closed]]></system-out>
         <system-err><![CDATA[]]></system-err>
      </testcase>
      <system-out><![CDATA[10-02-2024T20:20:37 - [TEST_SUITE][FAILED] - DDT_TS_Amazon_Validate_SearchItems_Excel: Test Cases/Amazon/DDT_Amazon_Validate_Category FAILED.
Reason:
com.kms.katalon.core.exception.StepFailedException: Unable to click on object 'Object Repository/DDT_Amazon_Validate_Category_OR/Page_Amazon.com. Spend less. Smile more/input_Search Amazon_nav-search-submit-button'
	at com.kms.katalon.core.webui.keyword.internal.WebUIKeywordMain.stepFailed(WebUIKeywordMain.groovy:64)
	at com.kms.katalon.core.webui.keyword.internal.WebUIKeywordMain.runKeyword(WebUIKeywordMain.groovy:26)
	at com.kms.katalon.core.webui.keyword.builtin.ClickKeyword.click(ClickKeyword.groovy:74)
	at com.kms.katalon.core.webui.keyword.builtin.ClickKeyword.execute(ClickKeyword.groovy:40)
	at com.kms.katalon.core.keyword.internal.KeywordExecutor.executeKeywordForPlatform(KeywordExecutor.groovy:74)
	at com.kms.katalon.core.webui.keyword.WebUiBuiltInKeywords.click(WebUiBuiltInKeywords.groovy:659)
	at DDT_Amazon_Validate_Category.run(DDT_Amazon_Validate_Category:32)
	at com.kms.katalon.core.main.ScriptEngine.run(ScriptEngine.java:194)
	at com.kms.katalon.core.main.ScriptEngine.runScriptAsRawText(ScriptEngine.java:119)
	at com.kms.katalon.core.main.TestCaseExecutor.runScript(TestCaseExecutor.java:448)
	at com.kms.katalon.core.main.TestCaseExecutor.doExecute(TestCaseExecutor.java:439)
	at com.kms.katalon.core.main.TestCaseExecutor.processExecutionPhase(TestCaseExecutor.java:418)
	at com.kms.katalon.core.main.TestCaseExecutor.accessMainPhase(TestCaseExecutor.java:410)
	at com.kms.katalon.core.main.TestCaseExecutor.execute(TestCaseExecutor.java:285)
	at com.kms.katalon.core.common.CommonExecutor.accessTestCaseMainPhase(CommonExecutor.java:65)
	at com.kms.katalon.core.main.TestSuiteExecutor.accessTestSuiteMainPhase(TestSuiteExecutor.java:148)
	at com.kms.katalon.core.main.TestSuiteExecutor.execute(TestSuiteExecutor.java:106)
	at com.kms.katalon.core.main.TestCaseMain.startTestSuite(TestCaseMain.java:180)
	at TempTestSuite1707576632392.run(TempTestSuite1707576632392.groovy:36)
	at java.base/jdk.internal.reflect.NativeMethodAccessorImpl.invoke0(Native Method)
	at java.base/jdk.internal.reflect.NativeMethodAccessorImpl.invoke(NativeMethodAccessorImpl.java:77)
	at java.base/jdk.internal.reflect.DelegatingMethodAccessorImpl.invoke(DelegatingMethodAccessorImpl.java:43)
Caused by: org.openqa.selenium.TimeoutException: timeout: Timed out receiving message from renderer: 300.000
  (Session info: chrome=121.0.6167.161)
Build info: version: '3.141.59', revision: 'e82be7d358', time: '2018-11-14T08:25:53'
System info: host: 'RAJU-GANGIDI', ip: '192.168.241.235', os.name: 'Windows 11', os.arch: 'amd64', os.version: '10.0', java.version: '17.0.7'
Driver info: com.kms.katalon.selenium.driver.CChromeDriver
Capabilities {acceptInsecureCerts: false, browserName: chrome, browserVersion: 121.0.6167.161, chrome: {chromedriverVersion: 121.0.6167.85 (3f98d690ad7e..., userDataDir: C:\Users\91939\AppData\Loca...}, fedcm:accounts: true, goog:chromeOptions: {debuggerAddress: localhost:58218}, javascriptEnabled: true, networkConnectionEnabled: false, pageLoadStrategy: normal, platform: WINDOWS, platformName: WINDOWS, proxy: Proxy(), setWindowRect: true, strictFileInteractability: false, timeouts: {implicit: 0, pageLoad: 300000, script: 30000}, unhandledPromptBehavior: dismiss and notify, webauthn:extension:credBlob: true, webauthn:extension:largeBlob: true, webauthn:extension:minPinLength: true, webauthn:extension:prf: true, webauthn:virtualAuthenticators: true}
Session ID: 573e2bf7363c2284f7cd8532b7763faf
	at java.base/jdk.internal.reflect.NativeConstructorAccessorImpl.newInstance0(Native Method)
	at java.base/jdk.internal.reflect.NativeConstructorAccessorImpl.newInstance(NativeConstructorAccessorImpl.java:77)
	at java.base/jdk.internal.reflect.DelegatingConstructorAccessorImpl.newInstance(DelegatingConstructorAccessorImpl.java:45)
	at org.openqa.selenium.remote.http.W3CHttpResponseCodec.createException(W3CHttpResponseCodec.java:187)
	at org.openqa.selenium.remote.http.W3CHttpResponseCodec.decode(W3CHttpResponseCodec.java:122)
	at org.openqa.selenium.remote.http.W3CHttpResponseCodec.decode(W3CHttpResponseCodec.java:49)
	at org.openqa.selenium.remote.HttpCommandExecutor.execute(HttpCommandExecutor.java:158)
	at org.openqa.selenium.remote.service.DriverCommandExecutor.execute(DriverCommandExecutor.java:83)
	at org.openqa.selenium.remote.RemoteWebDriver.execute(RemoteWebDriver.java:552)
	at com.kms.katalon.selenium.driver.CChromeDriver.execute(CChromeDriver.java:19)
	at org.openqa.selenium.remote.RemoteWebElement.execute(RemoteWebElement.java:285)
	at org.openqa.selenium.remote.RemoteWebElement.click(RemoteWebElement.java:84)
	at java.base/jdk.internal.reflect.NativeMethodAccessorImpl.invoke0(Native Method)
	at java.base/jdk.internal.reflect.NativeMethodAccessorImpl.invoke(NativeMethodAccessorImpl.java:77)
	at java.base/jdk.internal.reflect.DelegatingMethodAccessorImpl.invoke(DelegatingMethodAccessorImpl.java:43)
	at org.openqa.selenium.support.events.EventFiringWebDriver$EventFiringWebElement.lambda$new$0(EventFiringWebDriver.java:404)
	at jdk.proxy2/jdk.proxy2.$Proxy27.click(Unknown Source)
	at org.openqa.selenium.support.events.EventFiringWebDriver$EventFiringWebElement.click(EventFiringWebDriver.java:417)
	at org.openqa.selenium.WebElement$click.call(Unknown Source)
	at com.kms.katalon.core.webui.keyword.builtin.ClickKeyword.clickUntilSuccessWithTimeout(ClickKeyword.groovy:81)
	at com.kms.katalon.core.webui.keyword.builtin.ClickKeyword.clickUntilSuccessWithTimeout(ClickKeyword.groovy)
	at java.base/jdk.internal.reflect.NativeMethodAccessorImpl.invoke0(Native Method)
	at java.base/jdk.internal.reflect.NativeMethodAccessorImpl.invoke(NativeMethodAccessorImpl.java:77)
	at java.base/jdk.internal.reflect.DelegatingMethodAccessorImpl.invoke(DelegatingMethodAccessorImpl.java:43)
	at com.kms.katalon.core.webui.keyword.builtin.ClickKeyword$_click_closure1.doCall(ClickKeyword.groovy:67)
	at com.kms.katalon.core.webui.keyword.builtin.ClickKeyword$_click_closure1.call(ClickKeyword.groovy)
	at com.kms.katalon.core.webui.keyword.internal.WebUIKeywordMain.runKeyword(WebUIKeywordMain.groovy:20)
	... 20 more]]></system-out>
      <system-err><![CDATA[10-02-2024T20:20:37 - [TEST_SUITE][FAILED] - DDT_TS_Amazon_Validate_SearchItems_Excel: Test Cases/Amazon/DDT_Amazon_Validate_Category FAILED.
Reason:
com.kms.katalon.core.exception.StepFailedException: Unable to click on object 'Object Repository/DDT_Amazon_Validate_Category_OR/Page_Amazon.com. Spend less. Smile more/input_Search Amazon_nav-search-submit-button'
	at com.kms.katalon.core.webui.keyword.internal.WebUIKeywordMain.stepFailed(WebUIKeywordMain.groovy:64)
	at com.kms.katalon.core.webui.keyword.internal.WebUIKeywordMain.runKeyword(WebUIKeywordMain.groovy:26)
	at com.kms.katalon.core.webui.keyword.builtin.ClickKeyword.click(ClickKeyword.groovy:74)
	at com.kms.katalon.core.webui.keyword.builtin.ClickKeyword.execute(ClickKeyword.groovy:40)
	at com.kms.katalon.core.keyword.internal.KeywordExecutor.executeKeywordForPlatform(KeywordExecutor.groovy:74)
	at com.kms.katalon.core.webui.keyword.WebUiBuiltInKeywords.click(WebUiBuiltInKeywords.groovy:659)
	at DDT_Amazon_Validate_Category.run(DDT_Amazon_Validate_Category:32)
	at com.kms.katalon.core.main.ScriptEngine.run(ScriptEngine.java:194)
	at com.kms.katalon.core.main.ScriptEngine.runScriptAsRawText(ScriptEngine.java:119)
	at com.kms.katalon.core.main.TestCaseExecutor.runScript(TestCaseExecutor.java:448)
	at com.kms.katalon.core.main.TestCaseExecutor.doExecute(TestCaseExecutor.java:439)
	at com.kms.katalon.core.main.TestCaseExecutor.processExecutionPhase(TestCaseExecutor.java:418)
	at com.kms.katalon.core.main.TestCaseExecutor.accessMainPhase(TestCaseExecutor.java:410)
	at com.kms.katalon.core.main.TestCaseExecutor.execute(TestCaseExecutor.java:285)
	at com.kms.katalon.core.common.CommonExecutor.accessTestCaseMainPhase(CommonExecutor.java:65)
	at com.kms.katalon.core.main.TestSuiteExecutor.accessTestSuiteMainPhase(TestSuiteExecutor.java:148)
	at com.kms.katalon.core.main.TestSuiteExecutor.execute(TestSuiteExecutor.java:106)
	at com.kms.katalon.core.main.TestCaseMain.startTestSuite(TestCaseMain.java:180)
	at TempTestSuite1707576632392.run(TempTestSuite1707576632392.groovy:36)
	at java.base/jdk.internal.reflect.NativeMethodAccessorImpl.invoke0(Native Method)
	at java.base/jdk.internal.reflect.NativeMethodAccessorImpl.invoke(NativeMethodAccessorImpl.java:77)
	at java.base/jdk.internal.reflect.DelegatingMethodAccessorImpl.invoke(DelegatingMethodAccessorImpl.java:43)
Caused by: org.openqa.selenium.TimeoutException: timeout: Timed out receiving message from renderer: 300.000
  (Session info: chrome=121.0.6167.161)
Build info: version: '3.141.59', revision: 'e82be7d358', time: '2018-11-14T08:25:53'
System info: host: 'RAJU-GANGIDI', ip: '192.168.241.235', os.name: 'Windows 11', os.arch: 'amd64', os.version: '10.0', java.version: '17.0.7'
Driver info: com.kms.katalon.selenium.driver.CChromeDriver
Capabilities {acceptInsecureCerts: false, browserName: chrome, browserVersion: 121.0.6167.161, chrome: {chromedriverVersion: 121.0.6167.85 (3f98d690ad7e..., userDataDir: C:\Users\91939\AppData\Loca...}, fedcm:accounts: true, goog:chromeOptions: {debuggerAddress: localhost:58218}, javascriptEnabled: true, networkConnectionEnabled: false, pageLoadStrategy: normal, platform: WINDOWS, platformName: WINDOWS, proxy: Proxy(), setWindowRect: true, strictFileInteractability: false, timeouts: {implicit: 0, pageLoad: 300000, script: 30000}, unhandledPromptBehavior: dismiss and notify, webauthn:extension:credBlob: true, webauthn:extension:largeBlob: true, webauthn:extension:minPinLength: true, webauthn:extension:prf: true, webauthn:virtualAuthenticators: true}
Session ID: 573e2bf7363c2284f7cd8532b7763faf
	at java.base/jdk.internal.reflect.NativeConstructorAccessorImpl.newInstance0(Native Method)
	at java.base/jdk.internal.reflect.NativeConstructorAccessorImpl.newInstance(NativeConstructorAccessorImpl.java:77)
	at java.base/jdk.internal.reflect.DelegatingConstructorAccessorImpl.newInstance(DelegatingConstructorAccessorImpl.java:45)
	at org.openqa.selenium.remote.http.W3CHttpResponseCodec.createException(W3CHttpResponseCodec.java:187)
	at org.openqa.selenium.remote.http.W3CHttpResponseCodec.decode(W3CHttpResponseCodec.java:122)
	at org.openqa.selenium.remote.http.W3CHttpResponseCodec.decode(W3CHttpResponseCodec.java:49)
	at org.openqa.selenium.remote.HttpCommandExecutor.execute(HttpCommandExecutor.java:158)
	at org.openqa.selenium.remote.service.DriverCommandExecutor.execute(DriverCommandExecutor.java:83)
	at org.openqa.selenium.remote.RemoteWebDriver.execute(RemoteWebDriver.java:552)
	at com.kms.katalon.selenium.driver.CChromeDriver.execute(CChromeDriver.java:19)
	at org.openqa.selenium.remote.RemoteWebElement.execute(RemoteWebElement.java:285)
	at org.openqa.selenium.remote.RemoteWebElement.click(RemoteWebElement.java:84)
	at java.base/jdk.internal.reflect.NativeMethodAccessorImpl.invoke0(Native Method)
	at java.base/jdk.internal.reflect.NativeMethodAccessorImpl.invoke(NativeMethodAccessorImpl.java:77)
	at java.base/jdk.internal.reflect.DelegatingMethodAccessorImpl.invoke(DelegatingMethodAccessorImpl.java:43)
	at org.openqa.selenium.support.events.EventFiringWebDriver$EventFiringWebElement.lambda$new$0(EventFiringWebDriver.java:404)
	at jdk.proxy2/jdk.proxy2.$Proxy27.click(Unknown Source)
	at org.openqa.selenium.support.events.EventFiringWebDriver$EventFiringWebElement.click(EventFiringWebDriver.java:417)
	at org.openqa.selenium.WebElement$click.call(Unknown Source)
	at com.kms.katalon.core.webui.keyword.builtin.ClickKeyword.clickUntilSuccessWithTimeout(ClickKeyword.groovy:81)
	at com.kms.katalon.core.webui.keyword.builtin.ClickKeyword.clickUntilSuccessWithTimeout(ClickKeyword.groovy)
	at java.base/jdk.internal.reflect.NativeMethodAccessorImpl.invoke0(Native Method)
	at java.base/jdk.internal.reflect.NativeMethodAccessorImpl.invoke(NativeMethodAccessorImpl.java:77)
	at java.base/jdk.internal.reflect.DelegatingMethodAccessorImpl.invoke(DelegatingMethodAccessorImpl.java:43)
	at com.kms.katalon.core.webui.keyword.builtin.ClickKeyword$_click_closure1.doCall(ClickKeyword.groovy:67)
	at com.kms.katalon.core.webui.keyword.builtin.ClickKeyword$_click_closure1.call(ClickKeyword.groovy)
	at com.kms.katalon.core.webui.keyword.internal.WebUIKeywordMain.runKeyword(WebUIKeywordMain.groovy:20)
	... 20 more]]></system-err>
   </testsuite>
</testsuites>
